#
# There is insufficient memory for the Java Runtime Environment to continue.
# Native memory allocation (mmap) failed to map 36700160 bytes for committing reserved memory.
# Possible reasons:
#   The system is out of physical RAM or swap space
#   In 32 bit mode, the process size limit was hit
# Possible solutions:
#   Reduce memory load on the system
#   Increase physical memory or swap space
#   Check if swap backing store is full
#   Use 64 bit Java on a 64 bit OS
#   Decrease Java heap size (-Xmx/-Xms)
#   Decrease number of Java threads
#   Decrease Java thread stack sizes (-Xss)
#   Set larger code cache with -XX:ReservedCodeCacheSize=
# This output file may be truncated or incomplete.
#
#  Out of Memory Error (os_linux.cpp:2627), pid=9647, tid=0x00007fe2c02f2700
#
# JRE version: Java(TM) SE Runtime Environment (8.0_101-b13) (build 1.8.0_101-b13)
# Java VM: Java HotSpot(TM) 64-Bit Server VM (25.101-b13 mixed mode linux-amd64 compressed oops)
# Failed to write core dump. Core dumps have been disabled. To enable core dumping, try "ulimit -c unlimited" before starting Java again
#

---------------  T H R E A D  ---------------

Current thread (0x00007fe2d0081800):  VMThread [stack: 0x00007fe2c01f2000,0x00007fe2c02f3000] [id=9661]

Stack: [0x00007fe2c01f2000,0x00007fe2c02f3000],  sp=0x00007fe2c02f0f60,  free space=1019k
Native frames: (J=compiled Java code, j=interpreted, Vv=VM code, C=native code)
V  [libjvm.so+0xac3f0a]  VMError::report_and_die()+0x2ba
V  [libjvm.so+0x4fbf9b]  report_vm_out_of_memory(char const*, int, unsigned long, VMErrorType, char const*)+0x8b
V  [libjvm.so+0x9222d3]  os::Linux::commit_memory_impl(char*, unsigned long, bool)+0x103
V  [libjvm.so+0x922829]  os::pd_commit_memory(char*, unsigned long, unsigned long, bool)+0x29
V  [libjvm.so+0x91cb2a]  os::commit_memory(char*, unsigned long, unsigned long, bool)+0x2a
V  [libjvm.so+0x991053]  PSVirtualSpace::expand_by(unsigned long)+0x53
V  [libjvm.so+0x992458]  PSYoungGen::resize_generation(unsigned long, unsigned long)+0xf8
V  [libjvm.so+0x9915b2]  PSYoungGen::resize(unsigned long, unsigned long)+0x22
V  [libjvm.so+0x98e88b]  PSScavenge::invoke_no_policy()+0xf3b
V  [libjvm.so+0x98f011]  PSScavenge::invoke()+0x41
V  [libjvm.so+0x945fc0]  ParallelScavengeHeap::failed_mem_allocate(unsigned long)+0x70
V  [libjvm.so+0xac5927]  VM_ParallelGCFailedAllocation::doit()+0x97
V  [libjvm.so+0xacd405]  VM_Operation::evaluate()+0x55
V  [libjvm.so+0xacb7da]  VMThread::evaluate_operation(VM_Operation*)+0xba
V  [libjvm.so+0xacbb5e]  VMThread::loop()+0x1ce
V  [libjvm.so+0xacbfd0]  VMThread::run()+0x70
V  [libjvm.so+0x924698]  java_start(Thread*)+0x108

VM_Operation (0x00007fe2d9a9f0b0): ParallelGCFailedAllocation, mode: safepoint, requested by thread 0x00007fe2d000b800


---------------  P R O C E S S  ---------------

Java Threads: ( => current thread )
  0x00007fe2d00d5800 JavaThread "Service Thread" daemon [_thread_blocked, id=9669, stack(0x00007fe2b90ad000,0x00007fe2b91ae000)]
  0x00007fe2d00ca000 JavaThread "C1 CompilerThread3" daemon [_thread_blocked, id=9668, stack(0x00007fe2b91ae000,0x00007fe2b92af000)]
  0x00007fe2d00c8000 JavaThread "C2 CompilerThread2" daemon [_thread_blocked, id=9667, stack(0x00007fe2b92af000,0x00007fe2b93b0000)]
  0x00007fe2d00c6800 JavaThread "C2 CompilerThread1" daemon [_thread_blocked, id=9666, stack(0x00007fe2b93b0000,0x00007fe2b94b1000)]
  0x00007fe2d00c3800 JavaThread "C2 CompilerThread0" daemon [_thread_blocked, id=9665, stack(0x00007fe2b94b1000,0x00007fe2b95b2000)]
  0x00007fe2d00c2000 JavaThread "Signal Dispatcher" daemon [_thread_blocked, id=9664, stack(0x00007fe2b95b2000,0x00007fe2b96b3000)]
  0x00007fe2d008e000 JavaThread "Finalizer" daemon [_thread_blocked, id=9663, stack(0x00007fe2b9eff000,0x00007fe2ba000000)]
  0x00007fe2d0089000 JavaThread "Reference Handler" daemon [_thread_blocked, id=9662, stack(0x00007fe2c00f1000,0x00007fe2c01f2000)]
  0x00007fe2d000b800 JavaThread "main" [_thread_blocked, id=9652, stack(0x00007fe2d99a0000,0x00007fe2d9aa1000)]

Other Threads:
=>0x00007fe2d0081800 VMThread [stack: 0x00007fe2c01f2000,0x00007fe2c02f3000] [id=9661]
  0x00007fe2d00d8000 WatcherThread [stack: 0x00007fe2b8fac000,0x00007fe2b90ad000] [id=9670]

VM state:at safepoint (normal execution)

VM Mutex/Monitor currently owned by a thread:  ([mutex/lock_event])
[0x00007fe2d0007d50] Threads_lock - owner thread: 0x00007fe2d0081800
[0x00007fe2d0008250] Heap_lock - owner thread: 0x00007fe2d000b800

Heap:
 PSYoungGen      total 68608K, used 4780K [0x00000000eab00000, 0x00000000ef300000, 0x0000000100000000)
  eden space 63488K, 0% used [0x00000000eab00000,0x00000000eab00000,0x00000000ee900000)
  from space 5120K, 93% used [0x00000000ee900000,0x00000000eedab010,0x00000000eee00000)
  to   space 5120K, 0% used [0x00000000eee00000,0x00000000eee00000,0x00000000ef300000)
 ParOldGen       total 107520K, used 20557K [0x00000000c0000000, 0x00000000c6900000, 0x00000000eab00000)
  object space 107520K, 19% used [0x00000000c0000000,0x00000000c1413610,0x00000000c6900000)
 Metaspace       used 4674K, capacity 5464K, committed 5760K, reserved 1056768K
  class space    used 496K, capacity 528K, committed 640K, reserved 1048576K

Card table byte_map: [0x00007fe2d6557000,0x00007fe2d6758000] byte_map_base: 0x00007fe2d5f57000

Marking Bits: (ParMarkBitMap*) 0x00007fe2d8e78120
 Begin Bits: [0x00007fe2ba000000, 0x00007fe2bb000000)
 End Bits:   [0x00007fe2bb000000, 0x00007fe2bc000000)

Polling page: 0x00007fe2d9ac1000

CodeCache: size=245760Kb used=3641Kb max_used=3673Kb free=242118Kb
 bounds [0x00007fe2c1000000, 0x00007fe2c13a0000, 0x00007fe2d0000000]
 total_blobs=1303 nmethods=1029 adapters=188
 compilation: enabled

Compilation events (10 events):
Event: 2,921 Thread 0x00007fe2d00ca000 nmethod 1033 0x00007fe2c138b150 code [0x00007fe2c138b2c0, 0x00007fe2c138b528]
Event: 2,921 Thread 0x00007fe2d00ca000 1032       3       com.android.dx.merge.DexMerger$IdMerger::readIntoMap (89 bytes)
Event: 2,923 Thread 0x00007fe2d00c8000 1035       4       java.lang.Integer::<init> (10 bytes)
Event: 2,925 Thread 0x00007fe2d00ca000 nmethod 1032 0x00007fe2c1393c50 code [0x00007fe2c1393e60, 0x00007fe2c13949d8]
Event: 14,294 Thread 0x00007fe2d00c8000 nmethod 1035 0x00007fe2c138df90 code [0x00007fe2c138e0e0, 0x00007fe2c138e138]
Event: 14,563 Thread 0x00007fe2d00c3800 nmethod 1034 0x00007fe2c138fb90 code [0x00007fe2c138fce0, 0x00007fe2c138fd38]
Event: 14,590 Thread 0x00007fe2d00c8000 1037       4       com.android.dex.Mutf8::decode (228 bytes)
Event: 14,615 Thread 0x00007fe2d00c3800 1038       4       com.android.dx.merge.DexMerger$IdMerger::readIntoMap (89 bytes)
Event: 14,618 Thread 0x00007fe2d00c6800 nmethod 1030 0x00007fe2c138f890 code [0x00007fe2c138f9e0, 0x00007fe2c138fa58]
Event: 14,618 Thread 0x00007fe2d00c6800 1039       4       com.android.dx.merge.DexMerger$1::write (9 bytes)

GC Heap History (7 events):
Event: 0,270 GC heap before
{Heap before GC invocations=1 (full 0):
 PSYoungGen      total 36864K, used 31744K [0x00000000eab00000, 0x00000000ed400000, 0x0000000100000000)
  eden space 31744K, 100% used [0x00000000eab00000,0x00000000eca00000,0x00000000eca00000)
  from space 5120K, 0% used [0x00000000ecf00000,0x00000000ecf00000,0x00000000ed400000)
  to   space 5120K, 0% used [0x00000000eca00000,0x00000000eca00000,0x00000000ecf00000)
 ParOldGen       total 84992K, used 0K [0x00000000c0000000, 0x00000000c5300000, 0x00000000eab00000)
  object space 84992K, 0% used [0x00000000c0000000,0x00000000c0000000,0x00000000c5300000)
 Metaspace       used 3766K, capacity 4944K, committed 5120K, reserved 1056768K
  class space    used 406K, capacity 456K, committed 512K, reserved 1048576K
Event: 0,306 GC heap after
Heap after GC invocations=1 (full 0):
 PSYoungGen      total 36864K, used 5088K [0x00000000eab00000, 0x00000000ef300000, 0x0000000100000000)
  eden space 31744K, 0% used [0x00000000eab00000,0x00000000eab00000,0x00000000eca00000)
  from space 5120K, 99% used [0x00000000eca00000,0x00000000ecef81a8,0x00000000ecf00000)
  to   space 5120K, 0% used [0x00000000eee00000,0x00000000eee00000,0x00000000ef300000)
 ParOldGen       total 84992K, used 41477K [0x00000000c0000000, 0x00000000c5300000, 0x00000000eab00000)
  object space 84992K, 48% used [0x00000000c0000000,0x00000000c2881600,0x00000000c5300000)
 Metaspace       used 3766K, capacity 4944K, committed 5120K, reserved 1056768K
  class space    used 406K, capacity 456K, committed 512K, reserved 1048576K
}
Event: 0,579 GC heap before
{Heap before GC invocations=2 (full 0):
 PSYoungGen      total 36864K, used 36832K [0x00000000eab00000, 0x00000000ef300000, 0x0000000100000000)
  eden space 31744K, 100% used [0x00000000eab00000,0x00000000eca00000,0x00000000eca00000)
  from space 5120K, 99% used [0x00000000eca00000,0x00000000ecef81a8,0x00000000ecf00000)
  to   space 5120K, 0% used [0x00000000eee00000,0x00000000eee00000,0x00000000ef300000)
 ParOldGen       total 84992K, used 41477K [0x00000000c0000000, 0x00000000c5300000, 0x00000000eab00000)
  object space 84992K, 48% used [0x00000000c0000000,0x00000000c2881600,0x00000000c5300000)
 Metaspace       used 4278K, capacity 5360K, committed 5632K, reserved 1056768K
  class space    used 460K, capacity 488K, committed 512K, reserved 1048576K
Event: 0,591 GC heap after
Heap after GC invocations=2 (full 0):
 PSYoungGen      total 68608K, used 5091K [0x00000000eab00000, 0x00000000ef300000, 0x0000000100000000)
  eden space 63488K, 0% used [0x00000000eab00000,0x00000000eab00000,0x00000000ee900000)
  from space 5120K, 99% used [0x00000000eee00000,0x00000000ef2f8f10,0x00000000ef300000)
  to   space 5120K, 0% used [0x00000000ee900000,0x00000000ee900000,0x00000000eee00000)
 ParOldGen       total 84992K, used 41917K [0x00000000c0000000, 0x00000000c5300000, 0x00000000eab00000)
  object space 84992K, 49% used [0x00000000c0000000,0x00000000c28ef538,0x00000000c5300000)
 Metaspace       used 4278K, capacity 5360K, committed 5632K, reserved 1056768K
  class space    used 460K, capacity 488K, committed 512K, reserved 1048576K
}
Event: 0,591 GC heap before
{Heap before GC invocations=3 (full 1):
 PSYoungGen      total 68608K, used 5091K [0x00000000eab00000, 0x00000000ef300000, 0x0000000100000000)
  eden space 63488K, 0% used [0x00000000eab00000,0x00000000eab00000,0x00000000ee900000)
  from space 5120K, 99% used [0x00000000eee00000,0x00000000ef2f8f10,0x00000000ef300000)
  to   space 5120K, 0% used [0x00000000ee900000,0x00000000ee900000,0x00000000eee00000)
 ParOldGen       total 84992K, used 41917K [0x00000000c0000000, 0x00000000c5300000, 0x00000000eab00000)
  object space 84992K, 49% used [0x00000000c0000000,0x00000000c28ef538,0x00000000c5300000)
 Metaspace       used 4278K, capacity 5360K, committed 5632K, reserved 1056768K
  class space    used 460K, capacity 488K, committed 512K, reserved 1048576K
Event: 0,615 GC heap after
Heap after GC invocations=3 (full 1):
 PSYoungGen      total 68608K, used 0K [0x00000000eab00000, 0x00000000ef300000, 0x0000000100000000)
  eden space 63488K, 0% used [0x00000000eab00000,0x00000000eab00000,0x00000000ee900000)
  from space 5120K, 0% used [0x00000000eee00000,0x00000000eee00000,0x00000000ef300000)
  to   space 5120K, 0% used [0x00000000ee900000,0x00000000ee900000,0x00000000eee00000)
 ParOldGen       total 107520K, used 12726K [0x00000000c0000000, 0x00000000c6900000, 0x00000000eab00000)
  object space 107520K, 11% used [0x00000000c0000000,0x00000000c0c6d860,0x00000000c6900000)
 Metaspace       used 4278K, capacity 5360K, committed 5632K, reserved 1056768K
  class space    used 460K, capacity 488K, committed 512K, reserved 1048576K
}
Event: 14,920 GC heap before
{Heap before GC invocations=4 (full 1):
 PSYoungGen      total 68608K, used 63488K [0x00000000eab00000, 0x00000000ef300000, 0x0000000100000000)
  eden space 63488K, 100% used [0x00000000eab00000,0x00000000ee900000,0x00000000ee900000)
  from space 5120K, 0% used [0x00000000eee00000,0x00000000eee00000,0x00000000ef300000)
  to   space 5120K, 0% used [0x00000000ee900000,0x00000000ee900000,0x00000000eee00000)
 ParOldGen       total 107520K, used 12726K [0x00000000c0000000, 0x00000000c6900000, 0x00000000eab00000)
  object space 107520K, 11% used [0x00000000c0000000,0x00000000c0c6d860,0x00000000c6900000)
 Metaspace       used 4674K, capacity 5464K, committed 5760K, reserved 1056768K
  class space    used 496K, capacity 528K, committed 640K, reserved 1048576K

Deoptimization events (10 events):
Event: 1,613 Thread 0x00007fe2d000b800 Uncommon trap: reason=speculate_class_check action=maybe_recompile pc=0x00007fe2c126f0c0 method=java.util.HashMap.putVal(ILjava/lang/Object;Ljava/lang/Object;ZZ)Ljava/lang/Object; @ 56
Event: 1,720 Thread 0x00007fe2d000b800 Uncommon trap: reason=speculate_class_check action=maybe_recompile pc=0x00007fe2c126f0c0 method=java.util.HashMap.putVal(ILjava/lang/Object;Ljava/lang/Object;ZZ)Ljava/lang/Object; @ 56
Event: 1,771 Thread 0x00007fe2d000b800 Uncommon trap: reason=speculate_class_check action=maybe_recompile pc=0x00007fe2c126efec method=java.util.HashMap.putVal(ILjava/lang/Object;Ljava/lang/Object;ZZ)Ljava/lang/Object; @ 152
Event: 1,772 Thread 0x00007fe2d000b800 Uncommon trap: reason=speculate_class_check action=maybe_recompile pc=0x00007fe2c126efec method=java.util.HashMap.putVal(ILjava/lang/Object;Ljava/lang/Object;ZZ)Ljava/lang/Object; @ 152
Event: 1,903 Thread 0x00007fe2d000b800 Uncommon trap: reason=bimorphic action=maybe_recompile pc=0x00007fe2c13590a0 method=java.util.HashMap.getNode(ILjava/lang/Object;)Ljava/util/HashMap$Node; @ 126
Event: 1,903 Thread 0x00007fe2d000b800 Uncommon trap: reason=bimorphic action=maybe_recompile pc=0x00007fe2c13590a0 method=java.util.HashMap.getNode(ILjava/lang/Object;)Ljava/util/HashMap$Node; @ 126
Event: 1,904 Thread 0x00007fe2d000b800 Uncommon trap: reason=bimorphic action=maybe_recompile pc=0x00007fe2c13590a0 method=java.util.HashMap.getNode(ILjava/lang/Object;)Ljava/util/HashMap$Node; @ 126
Event: 1,904 Thread 0x00007fe2d000b800 Uncommon trap: reason=bimorphic action=maybe_recompile pc=0x00007fe2c13590a0 method=java.util.HashMap.getNode(ILjava/lang/Object;)Ljava/util/HashMap$Node; @ 126
Event: 2,916 Thread 0x00007fe2d000b800 Uncommon trap: reason=unstable_if action=reinterpret pc=0x00007fe2c121de10 method=com.android.dx.merge.DexMerger$IdMerger.readIntoMap(Lcom/android/dex/Dex$Section;Lcom/android/dex/TableOfContents$Section;Lcom/android/dx/merge/IndexMap;ILjava/util/TreeMap;
Event: 2,916 Thread 0x00007fe2d000b800 Uncommon trap: reason=unstable_if action=reinterpret pc=0x00007fe2c11c1bdc method=com.android.dex.Mutf8.countBytes(Ljava/lang/String;Z)J @ 28

Internal exceptions (3 events):
Event: 0,025 Thread 0x00007fe2d000b800 Exception <a 'java/lang/NoSuchMethodError': Method sun.misc.Unsafe.defineClass(Ljava/lang/String;[BII)Ljava/lang/Class; name or signature does not match> (0x00000000eab07cc0) thrown at [/HUDSON3/workspace/8-2-build-linux-amd64/jdk8u101/7261/hotspot/src/sh
Event: 0,025 Thread 0x00007fe2d000b800 Exception <a 'java/lang/NoSuchMethodError': Method sun.misc.Unsafe.prefetchRead(Ljava/lang/Object;J)V name or signature does not match> (0x00000000eab07fa8) thrown at [/HUDSON3/workspace/8-2-build-linux-amd64/jdk8u101/7261/hotspot/src/share/vm/prims/jni.c
Event: 2,912 Thread 0x00007fe2d000b800 Implicit null exception at 0x00007fe2c121cf12 to 0x00007fe2c121dded

Events (10 events):
Event: 2,916 Thread 0x00007fe2d000b800 DEOPT PACKING pc=0x00007fe2c121de10 sp=0x00007fe2d9a9f440
Event: 2,916 Thread 0x00007fe2d000b800 DEOPT UNPACKING pc=0x00007fe2c1005229 sp=0x00007fe2d9a9f3e8 mode 2
Event: 2,916 Thread 0x00007fe2d000b800 Uncommon trap: trap_request=0xffffff65 fr.pc=0x00007fe2c11c1bdc
Event: 2,916 Thread 0x00007fe2d000b800 DEOPT PACKING pc=0x00007fe2c11c1bdc sp=0x00007fe2d9a9f420
Event: 2,916 Thread 0x00007fe2d000b800 DEOPT UNPACKING pc=0x00007fe2c1005229 sp=0x00007fe2d9a9f268 mode 2
Event: 2,923 Thread 0x00007fe2d000b800 DEOPT PACKING pc=0x00007fe2c12097d9 sp=0x00007fe2d9a9f4a0
Event: 2,923 Thread 0x00007fe2d000b800 DEOPT UNPACKING pc=0x00007fe2c1047633 sp=0x00007fe2d9a9f298 mode 0
Event: 6,256 Executing VM operation: EnableBiasedLocking
Event: 9,119 Executing VM operation: EnableBiasedLocking done
Event: 14,851 Executing VM operation: ParallelGCFailedAllocation


Dynamic libraries:
00400000-00401000 r-xp 00000000 08:04 805299                             /usr/lib/jvm/java-8-oracle/bin/java
00600000-00601000 rw-p 00000000 08:04 805299                             /usr/lib/jvm/java-8-oracle/bin/java
00b68000-00b89000 rw-p 00000000 00:00 0                                  [heap]
c0000000-c6900000 rw-p 00000000 00:00 0 
c6900000-eab00000 ---p 00000000 00:00 0 
eab00000-ef300000 rw-p 00000000 00:00 0 
f1600000-100000000 ---p 00000000 00:00 0 
100000000-1000a0000 rw-p 00000000 00:00 0 
1000a0000-140000000 ---p 00000000 00:00 0 
7fe274000000-7fe274021000 rw-p 00000000 00:00 0 
7fe274021000-7fe278000000 ---p 00000000 00:00 0 
7fe278000000-7fe278021000 rw-p 00000000 00:00 0 
7fe278021000-7fe27c000000 ---p 00000000 00:00 0 
7fe27c000000-7fe27c3af000 rw-p 00000000 00:00 0 
7fe27c3af000-7fe280000000 ---p 00000000 00:00 0 
7fe280000000-7fe2802e3000 rw-p 00000000 00:00 0 
7fe2802e3000-7fe284000000 ---p 00000000 00:00 0 
7fe284000000-7fe28461a000 rw-p 00000000 00:00 0 
7fe28461a000-7fe288000000 ---p 00000000 00:00 0 
7fe288000000-7fe28871b000 rw-p 00000000 00:00 0 
7fe28871b000-7fe28c000000 ---p 00000000 00:00 0 
7fe28c000000-7fe28c021000 rw-p 00000000 00:00 0 
7fe28c021000-7fe290000000 ---p 00000000 00:00 0 
7fe290000000-7fe290021000 rw-p 00000000 00:00 0 
7fe290021000-7fe294000000 ---p 00000000 00:00 0 
7fe294000000-7fe29428d000 rw-p 00000000 00:00 0 
7fe29428d000-7fe298000000 ---p 00000000 00:00 0 
7fe298000000-7fe298021000 rw-p 00000000 00:00 0 
7fe298021000-7fe29c000000 ---p 00000000 00:00 0 
7fe29c000000-7fe29c021000 rw-p 00000000 00:00 0 
7fe29c021000-7fe2a0000000 ---p 00000000 00:00 0 
7fe2a0000000-7fe2a0021000 rw-p 00000000 00:00 0 
7fe2a0021000-7fe2a4000000 ---p 00000000 00:00 0 
7fe2a4000000-7fe2a4021000 rw-p 00000000 00:00 0 
7fe2a4021000-7fe2a8000000 ---p 00000000 00:00 0 
7fe2a8000000-7fe2a8021000 rw-p 00000000 00:00 0 
7fe2a8021000-7fe2ac000000 ---p 00000000 00:00 0 
7fe2ac000000-7fe2ac021000 rw-p 00000000 00:00 0 
7fe2ac021000-7fe2b0000000 ---p 00000000 00:00 0 
7fe2b0000000-7fe2b0021000 rw-p 00000000 00:00 0 
7fe2b0021000-7fe2b4000000 ---p 00000000 00:00 0 
7fe2b4000000-7fe2b4021000 rw-p 00000000 00:00 0 
7fe2b4021000-7fe2b8000000 ---p 00000000 00:00 0 
7fe2b8fac000-7fe2b8fad000 ---p 00000000 00:00 0 
7fe2b8fad000-7fe2b90ad000 rw-p 00000000 00:00 0 
7fe2b90ad000-7fe2b90b0000 ---p 00000000 00:00 0 
7fe2b90b0000-7fe2b91ae000 rw-p 00000000 00:00 0 
7fe2b91ae000-7fe2b91b1000 ---p 00000000 00:00 0 
7fe2b91b1000-7fe2b92af000 rw-p 00000000 00:00 0 
7fe2b92af000-7fe2b92b2000 ---p 00000000 00:00 0 
7fe2b92b2000-7fe2b93b0000 rw-p 00000000 00:00 0 
7fe2b93b0000-7fe2b93b3000 ---p 00000000 00:00 0 
7fe2b93b3000-7fe2b94b1000 rw-p 00000000 00:00 0 
7fe2b94b1000-7fe2b94b4000 ---p 00000000 00:00 0 
7fe2b94b4000-7fe2b95b2000 rw-p 00000000 00:00 0 
7fe2b95b2000-7fe2b95b5000 ---p 00000000 00:00 0 
7fe2b95b5000-7fe2b96b3000 rw-p 00000000 00:00 0 
7fe2b96b3000-7fe2b9eff000 r--p 00000000 08:04 531399                     /usr/lib/locale/locale-archive
7fe2b9eff000-7fe2b9f02000 ---p 00000000 00:00 0 
7fe2b9f02000-7fe2bc000000 rw-p 00000000 00:00 0 
7fe2bc000000-7fe2bc021000 rw-p 00000000 00:00 0 
7fe2bc021000-7fe2c0000000 ---p 00000000 00:00 0 
7fe2c00f1000-7fe2c00f4000 ---p 00000000 00:00 0 
7fe2c00f4000-7fe2c01f2000 rw-p 00000000 00:00 0 
7fe2c01f2000-7fe2c01f3000 ---p 00000000 00:00 0 
7fe2c01f3000-7fe2c1000000 rw-p 00000000 00:00 0 
7fe2c1000000-7fe2c13a0000 rwxp 00000000 00:00 0 
7fe2c13a0000-7fe2d0000000 ---p 00000000 00:00 0 
7fe2d0000000-7fe2d0420000 rw-p 00000000 00:00 0 
7fe2d0420000-7fe2d4000000 ---p 00000000 00:00 0 
7fe2d4066000-7fe2d4faa000 rw-p 00000000 00:00 0 
7fe2d4faa000-7fe2d5183000 r--s 03d29000 08:04 802398                     /usr/lib/jvm/java-8-oracle/jre/lib/rt.jar
7fe2d5183000-7fe2d56f9000 rw-p 00000000 00:00 0 
7fe2d56f9000-7fe2d59f9000 ---p 00000000 00:00 0 
7fe2d59f9000-7fe2d5bf9000 rw-p 00000000 00:00 0 
7fe2d5bf9000-7fe2d5bfa000 ---p 00000000 00:00 0 
7fe2d5bfa000-7fe2d5cfa000 rw-p 00000000 00:00 0 
7fe2d5cfa000-7fe2d5cfb000 ---p 00000000 00:00 0 
7fe2d5cfb000-7fe2d5dfb000 rw-p 00000000 00:00 0 
7fe2d5dfb000-7fe2d5dfc000 ---p 00000000 00:00 0 
7fe2d5dfc000-7fe2d5efc000 rw-p 00000000 00:00 0 
7fe2d5efc000-7fe2d5efd000 ---p 00000000 00:00 0 
7fe2d5efd000-7fe2d5ffd000 rw-p 00000000 00:00 0 
7fe2d5ffd000-7fe2d5ffe000 ---p 00000000 00:00 0 
7fe2d5ffe000-7fe2d60fe000 rw-p 00000000 00:00 0 
7fe2d60fe000-7fe2d60ff000 ---p 00000000 00:00 0 
7fe2d60ff000-7fe2d61ff000 rw-p 00000000 00:00 0 
7fe2d61ff000-7fe2d6200000 ---p 00000000 00:00 0 
7fe2d6200000-7fe2d6300000 rw-p 00000000 00:00 0 
7fe2d6300000-7fe2d6301000 ---p 00000000 00:00 0 
7fe2d6301000-7fe2d6436000 rw-p 00000000 00:00 0 
7fe2d6436000-7fe2d6557000 ---p 00000000 00:00 0 
7fe2d6557000-7fe2d658c000 rw-p 00000000 00:00 0 
7fe2d658c000-7fe2d66ac000 ---p 00000000 00:00 0 
7fe2d66ac000-7fe2d66d1000 rw-p 00000000 00:00 0 
7fe2d66d1000-7fe2d6757000 ---p 00000000 00:00 0 
7fe2d6757000-7fe2d6767000 rw-p 00000000 00:00 0 
7fe2d6767000-7fe2d6b18000 ---p 00000000 00:00 0 
7fe2d6b18000-7fe2d6b32000 r-xp 00000000 08:04 802410                     /usr/lib/jvm/java-8-oracle/jre/lib/amd64/libzip.so
7fe2d6b32000-7fe2d6d32000 ---p 0001a000 08:04 802410                     /usr/lib/jvm/java-8-oracle/jre/lib/amd64/libzip.so
7fe2d6d32000-7fe2d6d33000 rw-p 0001a000 08:04 802410                     /usr/lib/jvm/java-8-oracle/jre/lib/amd64/libzip.so
7fe2d6d33000-7fe2d6d3d000 r-xp 00000000 08:04 270973                     /lib/x86_64-linux-gnu/libnss_files-2.19.so
7fe2d6d3d000-7fe2d6f3c000 ---p 0000a000 08:04 270973                     /lib/x86_64-linux-gnu/libnss_files-2.19.so
7fe2d6f3c000-7fe2d6f3d000 r--p 00009000 08:04 270973                     /lib/x86_64-linux-gnu/libnss_files-2.19.so
7fe2d6f3d000-7fe2d6f3e000 rw-p 0000a000 08:04 270973                     /lib/x86_64-linux-gnu/libnss_files-2.19.so
7fe2d6f3e000-7fe2d6f49000 r-xp 00000000 08:04 270961                     /lib/x86_64-linux-gnu/libnss_nis-2.19.so
7fe2d6f49000-7fe2d7148000 ---p 0000b000 08:04 270961                     /lib/x86_64-linux-gnu/libnss_nis-2.19.so
7fe2d7148000-7fe2d7149000 r--p 0000a000 08:04 270961                     /lib/x86_64-linux-gnu/libnss_nis-2.19.so
7fe2d7149000-7fe2d714a000 rw-p 0000b000 08:04 270961                     /lib/x86_64-linux-gnu/libnss_nis-2.19.so
7fe2d714a000-7fe2d7161000 r-xp 00000000 08:04 270957                     /lib/x86_64-linux-gnu/libnsl-2.19.so
7fe2d7161000-7fe2d7360000 ---p 00017000 08:04 270957                     /lib/x86_64-linux-gnu/libnsl-2.19.so
7fe2d7360000-7fe2d7361000 r--p 00016000 08:04 270957                     /lib/x86_64-linux-gnu/libnsl-2.19.so
7fe2d7361000-7fe2d7362000 rw-p 00017000 08:04 270957                     /lib/x86_64-linux-gnu/libnsl-2.19.so
7fe2d7362000-7fe2d7364000 rw-p 00000000 00:00 0 
7fe2d7364000-7fe2d736d000 r-xp 00000000 08:04 270956                     /lib/x86_64-linux-gnu/libnss_compat-2.19.so
7fe2d736d000-7fe2d756c000 ---p 00009000 08:04 270956                     /lib/x86_64-linux-gnu/libnss_compat-2.19.so
7fe2d756c000-7fe2d756d000 r--p 00008000 08:04 270956                     /lib/x86_64-linux-gnu/libnss_compat-2.19.so
7fe2d756d000-7fe2d756e000 rw-p 00009000 08:04 270956                     /lib/x86_64-linux-gnu/libnss_compat-2.19.so
7fe2d756e000-7fe2d7598000 r-xp 00000000 08:04 802412                     /usr/lib/jvm/java-8-oracle/jre/lib/amd64/libjava.so
7fe2d7598000-7fe2d7798000 ---p 0002a000 08:04 802412                     /usr/lib/jvm/java-8-oracle/jre/lib/amd64/libjava.so
7fe2d7798000-7fe2d779a000 rw-p 0002a000 08:04 802412                     /usr/lib/jvm/java-8-oracle/jre/lib/amd64/libjava.so
7fe2d779a000-7fe2d77a7000 r-xp 00000000 08:04 805015                     /usr/lib/jvm/java-8-oracle/jre/lib/amd64/libverify.so
7fe2d77a7000-7fe2d79a7000 ---p 0000d000 08:04 805015                     /usr/lib/jvm/java-8-oracle/jre/lib/amd64/libverify.so
7fe2d79a7000-7fe2d79a9000 rw-p 0000d000 08:04 805015                     /usr/lib/jvm/java-8-oracle/jre/lib/amd64/libverify.so
7fe2d79a9000-7fe2d79b0000 r-xp 00000000 08:04 270968                     /lib/x86_64-linux-gnu/librt-2.19.so
7fe2d79b0000-7fe2d7baf000 ---p 00007000 08:04 270968                     /lib/x86_64-linux-gnu/librt-2.19.so
7fe2d7baf000-7fe2d7bb0000 r--p 00006000 08:04 270968                     /lib/x86_64-linux-gnu/librt-2.19.so
7fe2d7bb0000-7fe2d7bb1000 rw-p 00007000 08:04 270968                     /lib/x86_64-linux-gnu/librt-2.19.so
7fe2d7bb1000-7fe2d7cb6000 r-xp 00000000 08:04 270934                     /lib/x86_64-linux-gnu/libm-2.19.so
7fe2d7cb6000-7fe2d7eb5000 ---p 00105000 08:04 270934                     /lib/x86_64-linux-gnu/libm-2.19.so
7fe2d7eb5000-7fe2d7eb6000 r--p 00104000 08:04 270934                     /lib/x86_64-linux-gnu/libm-2.19.so
7fe2d7eb6000-7fe2d7eb7000 rw-p 00105000 08:04 270934                     /lib/x86_64-linux-gnu/libm-2.19.so
7fe2d7eb7000-7fe2d8b82000 r-xp 00000000 08:04 805067                     /usr/lib/jvm/java-8-oracle/jre/lib/amd64/server/libjvm.so
7fe2d8b82000-7fe2d8d81000 ---p 00ccb000 08:04 805067                     /usr/lib/jvm/java-8-oracle/jre/lib/amd64/server/libjvm.so
7fe2d8d81000-7fe2d8e5a000 rw-p 00cca000 08:04 805067                     /usr/lib/jvm/java-8-oracle/jre/lib/amd64/server/libjvm.so
7fe2d8e5a000-7fe2d8ea5000 rw-p 00000000 00:00 0 
7fe2d8ea5000-7fe2d905f000 r-xp 00000000 08:04 270969                     /lib/x86_64-linux-gnu/libc-2.19.so
7fe2d905f000-7fe2d925f000 ---p 001ba000 08:04 270969                     /lib/x86_64-linux-gnu/libc-2.19.so
7fe2d925f000-7fe2d9263000 r--p 001ba000 08:04 270969                     /lib/x86_64-linux-gnu/libc-2.19.so
7fe2d9263000-7fe2d9265000 rw-p 001be000 08:04 270969                     /lib/x86_64-linux-gnu/libc-2.19.so
7fe2d9265000-7fe2d926a000 rw-p 00000000 00:00 0 
7fe2d926a000-7fe2d926d000 r-xp 00000000 08:04 270944                     /lib/x86_64-linux-gnu/libdl-2.19.so
7fe2d926d000-7fe2d946c000 ---p 00003000 08:04 270944                     /lib/x86_64-linux-gnu/libdl-2.19.so
7fe2d946c000-7fe2d946d000 r--p 00002000 08:04 270944                     /lib/x86_64-linux-gnu/libdl-2.19.so
7fe2d946d000-7fe2d946e000 rw-p 00003000 08:04 270944                     /lib/x86_64-linux-gnu/libdl-2.19.so
7fe2d946e000-7fe2d9483000 r-xp 00000000 08:04 802183                     /usr/lib/jvm/java-8-oracle/lib/amd64/jli/libjli.so
7fe2d9483000-7fe2d9683000 ---p 00015000 08:04 802183                     /usr/lib/jvm/java-8-oracle/lib/amd64/jli/libjli.so
7fe2d9683000-7fe2d9684000 rw-p 00015000 08:04 802183                     /usr/lib/jvm/java-8-oracle/lib/amd64/jli/libjli.so
7fe2d9684000-7fe2d969d000 r-xp 00000000 08:04 270958                     /lib/x86_64-linux-gnu/libpthread-2.19.so
7fe2d969d000-7fe2d989c000 ---p 00019000 08:04 270958                     /lib/x86_64-linux-gnu/libpthread-2.19.so
7fe2d989c000-7fe2d989d000 r--p 00018000 08:04 270958                     /lib/x86_64-linux-gnu/libpthread-2.19.so
7fe2d989d000-7fe2d989e000 rw-p 00019000 08:04 270958                     /lib/x86_64-linux-gnu/libpthread-2.19.so
7fe2d989e000-7fe2d98a2000 rw-p 00000000 00:00 0 
7fe2d98a2000-7fe2d98c5000 r-xp 00000000 08:04 270959                     /lib/x86_64-linux-gnu/ld-2.19.so
7fe2d98c7000-7fe2d99a0000 rw-p 00000000 00:00 0 
7fe2d99a0000-7fe2d99a3000 ---p 00000000 00:00 0 
7fe2d99a3000-7fe2d9aa6000 rw-p 00000000 00:00 0 
7fe2d9aa6000-7fe2d9aaa000 r--s 00097000 08:04 802297                     /usr/lib/jvm/java-8-oracle/jre/lib/jsse.jar
7fe2d9aaa000-7fe2d9ab8000 r--s 000e0000 08:04 135127                     /home/ankoma88/Android/Sdk/build-tools/24.0.1/lib/dx.jar
7fe2d9ab8000-7fe2d9ac0000 rw-s 00000000 08:04 807831                     /tmp/hsperfdata_ankoma88/9647
7fe2d9ac0000-7fe2d9ac1000 rw-p 00000000 00:00 0 
7fe2d9ac1000-7fe2d9ac2000 ---p 00000000 00:00 0 
7fe2d9ac2000-7fe2d9ac4000 rw-p 00000000 00:00 0 
7fe2d9ac4000-7fe2d9ac5000 r--p 00022000 08:04 270959                     /lib/x86_64-linux-gnu/ld-2.19.so
7fe2d9ac5000-7fe2d9ac6000 rw-p 00023000 08:04 270959                     /lib/x86_64-linux-gnu/ld-2.19.so
7fe2d9ac6000-7fe2d9ac7000 rw-p 00000000 00:00 0 
7ffea5647000-7ffea5669000 rw-p 00000000 00:00 0                          [stack]
7ffea575d000-7ffea575f000 r--p 00000000 00:00 0                          [vvar]
7ffea575f000-7ffea5761000 r-xp 00000000 00:00 0                          [vdso]
ffffffffff600000-ffffffffff601000 r-xp 00000000 00:00 0                  [vsyscall]

VM Arguments:
jvm_args: -Djava.awt.headless=true -Xmx1024M -Dfile.encoding=UTF-8 -Duser.country=US -Duser.language=en -Duser.variant 
java_command: com.android.dx.command.Main --dex --num-threads=4 --output /home/ankoma88/Desktop/VkClient/app/build/intermediates/transforms/dex/debug/folders/1000/1f/main /home/ankoma88/Desktop/VkClient/app/build/intermediates/pre-dexed/debug/com.facebook.fresco-drawee-0.11.0_d08d139cd1b2a44e553ce42e9cdeb4da62d14c25.jar /home/ankoma88/Desktop/VkClient/app/build/intermediates/pre-dexed/debug/debug_982ab0108e42a02717e9e896b4295ffe26605390.jar /home/ankoma88/Desktop/VkClient/app/build/intermediates/pre-dexed/debug/com.android.support-recyclerview-v7-24.1.0_3aa950ae365b757d3f597075311b50be33368413.jar /home/ankoma88/Desktop/VkClient/app/build/intermediates/pre-dexed/debug/com.android.support-animated-vector-drawable-24.1.0_00f427d9d5d0fab4cb8ec2a15e4ee7189e073684.jar /home/ankoma88/Desktop/VkClient/app/build/intermediates/pre-dexed/debug/com.facebook.fresco-fresco-0.11.0_df23f73047dbb3f1651cd9fd918a447d37d3bb47.jar /home/ankoma88/Desktop/VkClient/app/build/intermediates/pre-dexed/debug/com.android.support-support-v4-24.1.0_17ca6177a68bd109afcba75a4fb30e9b9c87c2be.jar /home/ankoma88/Desktop/VkClient/app/build/intermediates/pre-dexed/debug/com.facebook.fresco-imagepipeline-base-0.12.0_476511d7768ff6f42241f58580ea5ba7d8fb71f4.jar /home/ankoma88/Desktop/VkClient/app/build/intermediates/pre-dexed/debug/com.vk-androidsdk-1.6.7_bb7dd6769acf968015b09dd550e1ba3f9149c607.jar /home/ankoma88/Desktop/VkClient/app/build/intermediates/pre-dexed/debug/com.facebook.fresco-animated-base-support-0.12.0_85e9c33ce578fd61c395442a57e8547103024d44.jar /home/ankoma88/Desktop/VkClient/app/build/intermediates/pre-dexed/debug/bolts-tasks-1.4.0_fe6038eaef194f3c6f70700a5ead690f3e448aea.jar /home/ankoma88/Desktop/VkClient/app/build/intermediates/pre-dexed/debug/com.android.support-design-24.1.0_ec502440a5380f928443d4e784cb0c6ffc1aa8a4.jar /home/ankoma88/Desktop/VkClient/app/build/intermediates/pre-dexed/debug/com.facebook.fresco-fbcore-0.12.0_387df8a1685892398d33a98215debde5c85459c3.jar /home/ankom
java_class_path (initial): /home/ankoma88/Android/Sdk/build-tools/24.0.1/lib/dx.jar
Launcher Type: SUN_STANDARD

Environment Variables:
JAVA_HOME=/usr/lib/jvm/java-8-oracle
PATH=/usr/local/sbin:/usr/local/bin:/usr/sbin:/usr/bin:/sbin:/bin:/usr/games:/usr/local/games:/usr/lib/jvm/java-8-oracle/bin:/usr/lib/jvm/java-8-oracle/db/bin:/usr/lib/jvm/java-8-oracle/jre/bin
LD_LIBRARY_PATH=/usr/local/ide/android-studio/bin:
SHELL=/bin/bash
DISPLAY=:0

Signal Handlers:
SIGSEGV: [libjvm.so+0xac4790], sa_mask[0]=11111111011111111101111111111110, sa_flags=SA_RESTART|SA_SIGINFO
SIGBUS: [libjvm.so+0xac4790], sa_mask[0]=11111111011111111101111111111110, sa_flags=SA_RESTART|SA_SIGINFO
SIGFPE: [libjvm.so+0x91f140], sa_mask[0]=11111111011111111101111111111110, sa_flags=SA_RESTART|SA_SIGINFO
SIGPIPE: [libjvm.so+0x91f140], sa_mask[0]=11111111011111111101111111111110, sa_flags=SA_RESTART|SA_SIGINFO
SIGXFSZ: [libjvm.so+0x91f140], sa_mask[0]=11111111011111111101111111111110, sa_flags=SA_RESTART|SA_SIGINFO
SIGILL: [libjvm.so+0x91f140], sa_mask[0]=11111111011111111101111111111110, sa_flags=SA_RESTART|SA_SIGINFO
SIGUSR1: SIG_DFL, sa_mask[0]=00000000000000000000000000000000, sa_flags=none
SIGUSR2: [libjvm.so+0x920770], sa_mask[0]=00100000000000000000000000000000, sa_flags=SA_RESTART|SA_SIGINFO
SIGHUP: [libjvm.so+0x921b70], sa_mask[0]=11111111011111111101111111111110, sa_flags=SA_RESTART|SA_SIGINFO
SIGINT: [libjvm.so+0x921b70], sa_mask[0]=11111111011111111101111111111110, sa_flags=SA_RESTART|SA_SIGINFO
SIGTERM: [libjvm.so+0x921b70], sa_mask[0]=11111111011111111101111111111110, sa_flags=SA_RESTART|SA_SIGINFO
SIGQUIT: [libjvm.so+0x921b70], sa_mask[0]=11111111011111111101111111111110, sa_flags=SA_RESTART|SA_SIGINFO


---------------  S Y S T E M  ---------------

OS:DISTRIB_ID=Ubuntu
DISTRIB_RELEASE=14.04
DISTRIB_CODENAME=trusty
DISTRIB_DESCRIPTION="Ubuntu 14.04.4 LTS"

uname:Linux 4.2.0-42-generic #49~14.04.1-Ubuntu SMP Wed Jun 29 20:22:11 UTC 2016 x86_64
libc:glibc 2.19 NPTL 2.19 
rlimit: STACK 8192k, CORE 0k, NPROC 31306, NOFILE 4096, AS infinity
load average:20,94 6,24 3,17

/proc/meminfo:
MemTotal:        8058468 kB
MemFree:          102272 kB
MemAvailable:      47224 kB
Buffers:             324 kB
Cached:           541836 kB
SwapCached:            0 kB
Active:          7151468 kB
Inactive:         497504 kB
Active(anon):    7141584 kB
Inactive(anon):   488068 kB
Active(file):       9884 kB
Inactive(file):     9436 kB
Unevictable:          92 kB
Mlocked:              92 kB
SwapTotal:             0 kB
SwapFree:              0 kB
Dirty:                28 kB
Writeback:             0 kB
AnonPages:       7106852 kB
Mapped:           220836 kB
Shmem:            522892 kB
Slab:             102460 kB
SReclaimable:      39528 kB
SUnreclaim:        62932 kB
KernelStack:       21456 kB
PageTables:        98364 kB
NFS_Unstable:          0 kB
Bounce:                0 kB
WritebackTmp:          0 kB
CommitLimit:     4029232 kB
Committed_AS:   21127040 kB
VmallocTotal:   34359738367 kB
VmallocUsed:      390272 kB
VmallocChunk:   34358947836 kB
HardwareCorrupted:     0 kB
AnonHugePages:   2215936 kB
CmaTotal:              0 kB
CmaFree:               0 kB
HugePages_Total:       0
HugePages_Free:        0
HugePages_Rsvd:        0
HugePages_Surp:        0
Hugepagesize:       2048 kB
DirectMap4k:      262120 kB
DirectMap2M:     8009728 kB


CPU:total 8 (4 cores per cpu, 2 threads per core) family 6 model 58 stepping 9, cmov, cx8, fxsr, mmx, sse, sse2, sse3, ssse3, sse4.1, sse4.2, popcnt, avx, clmul, erms, ht, tsc, tscinvbit, tscinv

/proc/cpuinfo:
processor	: 0
vendor_id	: GenuineIntel
cpu family	: 6
model		: 58
model name	: Intel(R) Core(TM) i7-3610QM CPU @ 2.30GHz
stepping	: 9
microcode	: 0x15
cpu MHz		: 3099.968
cache size	: 6144 KB
physical id	: 0
siblings	: 8
core id		: 0
cpu cores	: 4
apicid		: 0
initial apicid	: 0
fpu		: yes
fpu_exception	: yes
cpuid level	: 13
wp		: yes
flags		: fpu vme de pse tsc msr pae mce cx8 apic sep mtrr pge mca cmov pat pse36 clflush dts acpi mmx fxsr sse sse2 ss ht tm pbe syscall nx rdtscp lm constant_tsc arch_perfmon pebs bts rep_good nopl xtopology nonstop_tsc aperfmperf eagerfpu pni pclmulqdq dtes64 monitor ds_cpl vmx est tm2 ssse3 cx16 xtpr pdcm pcid sse4_1 sse4_2 x2apic popcnt tsc_deadline_timer xsave avx f16c rdrand lahf_lm ida arat epb pln pts dtherm tpr_shadow vnmi flexpriority ept vpid fsgsbase smep erms xsaveopt
bugs		:
bogomips	: 4589.88
clflush size	: 64
cache_alignment	: 64
address sizes	: 36 bits physical, 48 bits virtual
power management:

processor	: 1
vendor_id	: GenuineIntel
cpu family	: 6
model		: 58
model name	: Intel(R) Core(TM) i7-3610QM CPU @ 2.30GHz
stepping	: 9
microcode	: 0x15
cpu MHz		: 3100.058
cache size	: 6144 KB
physical id	: 0
siblings	: 8
core id		: 1
cpu cores	: 4
apicid		: 2
initial apicid	: 2
fpu		: yes
fpu_exception	: yes
cpuid level	: 13
wp		: yes
flags		: fpu vme de pse tsc msr pae mce cx8 apic sep mtrr pge mca cmov pat pse36 clflush dts acpi mmx fxsr sse sse2 ss ht tm pbe syscall nx rdtscp lm constant_tsc arch_perfmon pebs bts rep_good nopl xtopology nonstop_tsc aperfmperf eagerfpu pni pclmulqdq dtes64 monitor ds_cpl vmx est tm2 ssse3 cx16 xtpr pdcm pcid sse4_1 sse4_2 x2apic popcnt tsc_deadline_timer xsave avx f16c rdrand lahf_lm ida arat epb pln pts dtherm tpr_shadow vnmi flexpriority ept vpid fsgsbase smep erms xsaveopt
bugs		:
bogomips	: 4589.88
clflush size	: 64
cache_alignment	: 64
address sizes	: 36 bits physical, 48 bits virtual
power management:

processor	: 2
vendor_id	: GenuineIntel
cpu family	: 6
model		: 58
model name	: Intel(R) Core(TM) i7-3610QM CPU @ 2.30GHz
stepping	: 9
microcode	: 0x15
cpu MHz		: 3083.527
cache size	: 6144 KB
physical id	: 0
siblings	: 8
core id		: 2
cpu cores	: 4
apicid		: 4
initial apicid	: 4
fpu		: yes
fpu_exception	: yes
cpuid level	: 13
wp		: yes
flags		: fpu vme de pse tsc msr pae mce cx8 apic sep mtrr pge mca cmov pat pse36 clflush dts acpi mmx fxsr sse sse2 ss ht tm pbe syscall nx rdtscp lm constant_tsc arch_perfmon pebs bts rep_good nopl xtopology nonstop_tsc aperfmperf eagerfpu pni pclmulqdq dtes64 monitor ds_cpl vmx est tm2 ssse3 cx16 xtpr pdcm pcid sse4_1 sse4_2 x2apic popcnt tsc_deadline_timer xsave avx f16c rdrand lahf_lm ida arat epb pln pts dtherm tpr_shadow vnmi flexpriority ept vpid fsgsbase smep erms xsaveopt
bugs		:
bogomips	: 4589.88
clflush size	: 64
cache_alignment	: 64
address sizes	: 36 bits physical, 48 bits virtual
power management:

processor	: 3
vendor_id	: GenuineIntel
cpu family	: 6
model		: 58
model name	: Intel(R) Core(TM) i7-3610QM CPU @ 2.30GHz
stepping	: 9
microcode	: 0x15
cpu MHz		: 3100.058
cache size	: 6144 KB
physical id	: 0
siblings	: 8
core id		: 3
cpu cores	: 4
apicid		: 6
initial apicid	: 6
fpu		: yes
fpu_exception	: yes
cpuid level	: 13
wp		: yes
flags		: fpu vme de pse tsc msr pae mce cx8 apic sep mtrr pge mca cmov pat pse36 clflush dts acpi mmx fxsr sse sse2 ss ht tm pbe syscall nx rdtscp lm constant_tsc arch_perfmon pebs bts rep_good nopl xtopology nonstop_tsc aperfmperf eagerfpu pni pclmulqdq dtes64 monitor ds_cpl vmx est tm2 ssse3 cx16 xtpr pdcm pcid sse4_1 sse4_2 x2apic popcnt tsc_deadline_timer xsave avx f16c rdrand lahf_lm ida arat epb pln pts dtherm tpr_shadow vnmi flexpriority ept vpid fsgsbase smep erms xsaveopt
bugs		:
bogomips	: 4589.88
clflush size	: 64
cache_alignment	: 64
address sizes	: 36 bits physical, 48 bits virtual
power management:

processor	: 4
vendor_id	: GenuineIntel
cpu family	: 6
model		: 58
model name	: Intel(R) Core(TM) i7-3610QM CPU @ 2.30GHz
stepping	: 9
microcode	: 0x15
cpu MHz		: 3099.699
cache size	: 6144 KB
physical id	: 0
siblings	: 8
core id		: 0
cpu cores	: 4
apicid		: 1
initial apicid	: 1
fpu		: yes
fpu_exception	: yes
cpuid level	: 13
wp		: yes
flags		: fpu vme de pse tsc msr pae mce cx8 apic sep mtrr pge mca cmov pat pse36 clflush dts acpi mmx fxsr sse sse2 ss ht tm pbe syscall nx rdtscp lm constant_tsc arch_perfmon pebs bts rep_good nopl xtopology nonstop_tsc aperfmperf eagerfpu pni pclmulqdq dtes64 monitor ds_cpl vmx est tm2 ssse3 cx16 xtpr pdcm pcid sse4_1 sse4_2 x2apic popcnt tsc_deadline_timer xsave avx f16c rdrand lahf_lm ida arat epb pln pts dtherm tpr_shadow vnmi flexpriority ept vpid fsgsbase smep erms xsaveopt
bugs		:
bogomips	: 4589.88
clflush size	: 64
cache_alignment	: 64
address sizes	: 36 bits physical, 48 bits virtual
power management:

processor	: 5
vendor_id	: GenuineIntel
cpu family	: 6
model		: 58
model name	: Intel(R) Core(TM) i7-3610QM CPU @ 2.30GHz
stepping	: 9
microcode	: 0x15
cpu MHz		: 3100.058
cache size	: 6144 KB
physical id	: 0
siblings	: 8
core id		: 1
cpu cores	: 4
apicid		: 3
initial apicid	: 3
fpu		: yes
fpu_exception	: yes
cpuid level	: 13
wp		: yes
flags		: fpu vme de pse tsc msr pae mce cx8 apic sep mtrr pge mca cmov pat pse36 clflush dts acpi mmx fxsr sse sse2 ss ht tm pbe syscall nx rdtscp lm constant_tsc arch_perfmon pebs bts rep_good nopl xtopology nonstop_tsc aperfmperf eagerfpu pni pclmulqdq dtes64 monitor ds_cpl vmx est tm2 ssse3 cx16 xtpr pdcm pcid sse4_1 sse4_2 x2apic popcnt tsc_deadline_timer xsave avx f16c rdrand lahf_lm ida arat epb pln pts dtherm tpr_shadow vnmi flexpriority ept vpid fsgsbase smep erms xsaveopt
bugs		:
bogomips	: 4589.88
clflush size	: 64
cache_alignment	: 64
address sizes	: 36 bits physical, 48 bits virtual
power management:

processor	: 6
vendor_id	: GenuineIntel
cpu family	: 6
model		: 58
model name	: Intel(R) Core(TM) i7-3610QM CPU @ 2.30GHz
stepping	: 9
microcode	: 0x15
cpu MHz		: 3099.968
cache size	: 6144 KB
physical id	: 0
siblings	: 8
core id		: 2
cpu cores	: 4
apicid		: 5
initial apicid	: 5
fpu		: yes
fpu_exception	: yes
cpuid level	: 13
wp		: yes
flags		: fpu vme de pse tsc msr pae mce cx8 apic sep mtrr pge mca cmov pat pse36 clflush dts acpi mmx fxsr sse sse2 ss ht tm pbe syscall nx rdtscp lm constant_tsc arch_perfmon pebs bts rep_good nopl xtopology nonstop_tsc aperfmperf eagerfpu pni pclmulqdq dtes64 monitor ds_cpl vmx est tm2 ssse3 cx16 xtpr pdcm pcid sse4_1 sse4_2 x2apic popcnt tsc_deadline_timer xsave avx f16c rdrand lahf_lm ida arat epb pln pts dtherm tpr_shadow vnmi flexpriority ept vpid fsgsbase smep erms xsaveopt
bugs		:
bogomips	: 4589.88
clflush size	: 64
cache_alignment	: 64
address sizes	: 36 bits physical, 48 bits virtual
power management:

processor	: 7
vendor_id	: GenuineIntel
cpu family	: 6
model		: 58
model name	: Intel(R) Core(TM) i7-3610QM CPU @ 2.30GHz
stepping	: 9
microcode	: 0x15
cpu MHz		: 3100.058
cache size	: 6144 KB
physical id	: 0
siblings	: 8
core id		: 3
cpu cores	: 4
apicid		: 7
initial apicid	: 7
fpu		: yes
fpu_exception	: yes
cpuid level	: 13
wp		: yes
flags		: fpu vme de pse tsc msr pae mce cx8 apic sep mtrr pge mca cmov pat pse36 clflush dts acpi mmx fxsr sse sse2 ss ht tm pbe syscall nx rdtscp lm constant_tsc arch_perfmon pebs bts rep_good nopl xtopology nonstop_tsc aperfmperf eagerfpu pni pclmulqdq dtes64 monitor ds_cpl vmx est tm2 ssse3 cx16 xtpr pdcm pcid sse4_1 sse4_2 x2apic popcnt tsc_deadline_timer xsave avx f16c rdrand lahf_lm ida arat epb pln pts dtherm tpr_shadow vnmi flexpriority ept vpid fsgsbase smep erms xsaveopt
bugs		:
bogomips	: 4589.88
clflush size	: 64
cache_alignment	: 64
address sizes	: 36 bits physical, 48 bits virtual
power management:



Memory: 4k page, physical 8058468k(103464k free), swap 0k(0k free)

vm_info: Java HotSpot(TM) 64-Bit Server VM (25.101-b13) for linux-amd64 JRE (1.8.0_101-b13), built on Jun 22 2016 02:59:44 by "java_re" with gcc 4.3.0 20080428 (Red Hat 4.3.0-8)

time: Thu Aug  4 18:19:01 2016
elapsed time: 35 seconds (0d 0h 0m 35s)

