#
# There is insufficient memory for the Java Runtime Environment to continue.
# Native memory allocation (mmap) failed to map 65011712 bytes for committing reserved memory.
# Possible reasons:
#   The system is out of physical RAM or swap space
#   In 32 bit mode, the process size limit was hit
# Possible solutions:
#   Reduce memory load on the system
#   Increase physical memory or swap space
#   Check if swap backing store is full
#   Use 64 bit Java on a 64 bit OS
#   Decrease Java heap size (-Xmx/-Xms)
#   Decrease number of Java threads
#   Decrease Java thread stack sizes (-Xss)
#   Set larger code cache with -XX:ReservedCodeCacheSize=
# This output file may be truncated or incomplete.
#
#  Out of Memory Error (os_linux.cpp:2627), pid=7515, tid=0x00007fe8e5266700
#
# JRE version: Java(TM) SE Runtime Environment (8.0_101-b13) (build 1.8.0_101-b13)
# Java VM: Java HotSpot(TM) 64-Bit Server VM (25.101-b13 mixed mode linux-amd64 compressed oops)
# Failed to write core dump. Core dumps have been disabled. To enable core dumping, try "ulimit -c unlimited" before starting Java again
#

---------------  T H R E A D  ---------------

Current thread (0x00007fe8f8081800):  VMThread [stack: 0x00007fe8e5166000,0x00007fe8e5267000] [id=7529]

Stack: [0x00007fe8e5166000,0x00007fe8e5267000],  sp=0x00007fe8e5265160,  free space=1020k
Native frames: (J=compiled Java code, j=interpreted, Vv=VM code, C=native code)
V  [libjvm.so+0xac3f0a]  VMError::report_and_die()+0x2ba
V  [libjvm.so+0x4fbf9b]  report_vm_out_of_memory(char const*, int, unsigned long, VMErrorType, char const*)+0x8b
V  [libjvm.so+0x9222d3]  os::Linux::commit_memory_impl(char*, unsigned long, bool)+0x103
V  [libjvm.so+0x922829]  os::pd_commit_memory(char*, unsigned long, unsigned long, bool)+0x29
V  [libjvm.so+0x91cb2a]  os::commit_memory(char*, unsigned long, unsigned long, bool)+0x2a
V  [libjvm.so+0x991053]  PSVirtualSpace::expand_by(unsigned long)+0x53
V  [libjvm.so+0x992458]  PSYoungGen::resize_generation(unsigned long, unsigned long)+0xf8
V  [libjvm.so+0x9915b2]  PSYoungGen::resize(unsigned long, unsigned long)+0x22
V  [libjvm.so+0x98e88b]  PSScavenge::invoke_no_policy()+0xf3b
V  [libjvm.so+0x98f011]  PSScavenge::invoke()+0x41
V  [libjvm.so+0x945fc0]  ParallelScavengeHeap::failed_mem_allocate(unsigned long)+0x70
V  [libjvm.so+0xac5927]  VM_ParallelGCFailedAllocation::doit()+0x97
V  [libjvm.so+0xacd405]  VM_Operation::evaluate()+0x55
V  [libjvm.so+0xacb7da]  VMThread::evaluate_operation(VM_Operation*)+0xba
V  [libjvm.so+0xacbb5e]  VMThread::loop()+0x1ce
V  [libjvm.so+0xacbfd0]  VMThread::run()+0x70
V  [libjvm.so+0x924698]  java_start(Thread*)+0x108

VM_Operation (0x00007fe9009b00b0): ParallelGCFailedAllocation, mode: safepoint, requested by thread 0x00007fe8f800b800


---------------  P R O C E S S  ---------------

Java Threads: ( => current thread )
  0x00007fe8f80d5000 JavaThread "Service Thread" daemon [_thread_blocked, id=7537, stack(0x00007fe8e4112000,0x00007fe8e4213000)]
  0x00007fe8f80ca000 JavaThread "C1 CompilerThread3" daemon [_thread_blocked, id=7536, stack(0x00007fe8e4213000,0x00007fe8e4314000)]
  0x00007fe8f80c8000 JavaThread "C2 CompilerThread2" daemon [_thread_blocked, id=7535, stack(0x00007fe8e4314000,0x00007fe8e4415000)]
  0x00007fe8f80c6000 JavaThread "C2 CompilerThread1" daemon [_thread_in_native, id=7534, stack(0x00007fe8e4415000,0x00007fe8e4516000)]
  0x00007fe8f80c3800 JavaThread "C2 CompilerThread0" daemon [_thread_blocked, id=7533, stack(0x00007fe8e4516000,0x00007fe8e4617000)]
  0x00007fe8f80c2000 JavaThread "Signal Dispatcher" daemon [_thread_blocked, id=7532, stack(0x00007fe8e4617000,0x00007fe8e4718000)]
  0x00007fe8f808d800 JavaThread "Finalizer" daemon [_thread_blocked, id=7531, stack(0x00007fe8e4f64000,0x00007fe8e5065000)]
  0x00007fe8f8089000 JavaThread "Reference Handler" daemon [_thread_blocked, id=7530, stack(0x00007fe8e5065000,0x00007fe8e5166000)]
  0x00007fe8f800b800 JavaThread "main" [_thread_blocked, id=7520, stack(0x00007fe9008b1000,0x00007fe9009b2000)]

Other Threads:
=>0x00007fe8f8081800 VMThread [stack: 0x00007fe8e5166000,0x00007fe8e5267000] [id=7529]
  0x00007fe8f80d8000 WatcherThread [stack: 0x00007fe8e4011000,0x00007fe8e4112000] [id=7538]

VM state:at safepoint (normal execution)

VM Mutex/Monitor currently owned by a thread:  ([mutex/lock_event])
[0x00007fe8f8007c30] Threads_lock - owner thread: 0x00007fe8f8081800
[0x00007fe8f8008130] Heap_lock - owner thread: 0x00007fe8f800b800

Heap:
 PSYoungGen      total 68608K, used 5117K [0x00000000eab00000, 0x00000000ef300000, 0x0000000100000000)
  eden space 63488K, 0% used [0x00000000eab00000,0x00000000eab00000,0x00000000ee900000)
  from space 5120K, 99% used [0x00000000ee900000,0x00000000eedff4c8,0x00000000eee00000)
  to   space 5120K, 0% used [0x00000000eee00000,0x00000000eee00000,0x00000000ef300000)
 ParOldGen       total 84992K, used 67389K [0x00000000c0000000, 0x00000000c5300000, 0x00000000eab00000)
  object space 84992K, 79% used [0x00000000c0000000,0x00000000c41cf478,0x00000000c5300000)
 Metaspace       used 4688K, capacity 5464K, committed 5760K, reserved 1056768K
  class space    used 497K, capacity 528K, committed 640K, reserved 1048576K

Card table byte_map: [0x00007fe8fd468000,0x00007fe8fd669000] byte_map_base: 0x00007fe8fce68000

Marking Bits: (ParMarkBitMap*) 0x00007fe8ffd89120
 Begin Bits: [0x00007fe8e7000000, 0x00007fe8e8000000)
 End Bits:   [0x00007fe8e8000000, 0x00007fe8e9000000)

Polling page: 0x00007fe9009d2000

CodeCache: size=245760Kb used=3506Kb max_used=3515Kb free=242253Kb
 bounds [0x00007fe8e9000000, 0x00007fe8e9380000, 0x00007fe8f8000000]
 total_blobs=1298 nmethods=1024 adapters=188
 compilation: enabled

Compilation events (10 events):
Event: 0,845 Thread 0x00007fe8f80c8000 nmethod 1028 0x00007fe8e9352950 code [0x00007fe8e9352aa0, 0x00007fe8e9352b38]
Event: 0,845 Thread 0x00007fe8f80c8000 1029       4       com.android.dex.EncodedValueCodec::writeSignedIntegralValue (63 bytes)
Event: 0,845 Thread 0x00007fe8f80ca000 1034       3       java.util.TimSort::countRunAndMakeAscending (128 bytes)
Event: 0,846 Thread 0x00007fe8f80ca000 nmethod 1034 0x00007fe8e935f290 code [0x00007fe8e935f480, 0x00007fe8e935ff28]
Event: 0,847 Thread 0x00007fe8f80ca000 1035       3       com.android.dx.io.instructions.ShortArrayCodeOutput::write (33 bytes)
Event: 0,848 Thread 0x00007fe8f80ca000 nmethod 1035 0x00007fe8e9362450 code [0x00007fe8e9362600, 0x00007fe8e9362df0]
Event: 0,852 Thread 0x00007fe8f80ca000 1039       3       com.android.dx.io.instructions.DecodedInstruction::getLiteralInt (53 bytes)
Event: 0,853 Thread 0x00007fe8f80c8000 nmethod 1029 0x00007fe8e93617d0 code [0x00007fe8e9361940, 0x00007fe8e9362038]
Event: 0,853 Thread 0x00007fe8f80ca000 nmethod 1039 0x00007fe8e9373410 code [0x00007fe8e9373600, 0x00007fe8e9373e88]
Event: 0,853 Thread 0x00007fe8f80c8000 1017 %     4       java.util.HashMap::resize @ 238 (359 bytes)

GC Heap History (5 events):
Event: 0,240 GC heap before
{Heap before GC invocations=1 (full 0):
 PSYoungGen      total 36864K, used 31744K [0x00000000eab00000, 0x00000000ed400000, 0x0000000100000000)
  eden space 31744K, 100% used [0x00000000eab00000,0x00000000eca00000,0x00000000eca00000)
  from space 5120K, 0% used [0x00000000ecf00000,0x00000000ecf00000,0x00000000ed400000)
  to   space 5120K, 0% used [0x00000000eca00000,0x00000000eca00000,0x00000000ecf00000)
 ParOldGen       total 84992K, used 0K [0x00000000c0000000, 0x00000000c5300000, 0x00000000eab00000)
  object space 84992K, 0% used [0x00000000c0000000,0x00000000c0000000,0x00000000c5300000)
 Metaspace       used 3778K, capacity 4944K, committed 5120K, reserved 1056768K
  class space    used 406K, capacity 456K, committed 512K, reserved 1048576K
Event: 0,323 GC heap after
Heap after GC invocations=1 (full 0):
 PSYoungGen      total 36864K, used 5106K [0x00000000eab00000, 0x00000000ef300000, 0x0000000100000000)
  eden space 31744K, 0% used [0x00000000eab00000,0x00000000eab00000,0x00000000eca00000)
  from space 5120K, 99% used [0x00000000eca00000,0x00000000ecefca50,0x00000000ecf00000)
  to   space 5120K, 0% used [0x00000000eee00000,0x00000000eee00000,0x00000000ef300000)
 ParOldGen       total 84992K, used 35468K [0x00000000c0000000, 0x00000000c5300000, 0x00000000eab00000)
  object space 84992K, 41% used [0x00000000c0000000,0x00000000c22a31a8,0x00000000c5300000)
 Metaspace       used 3778K, capacity 4944K, committed 5120K, reserved 1056768K
  class space    used 406K, capacity 456K, committed 512K, reserved 1048576K
}
Event: 0,578 GC heap before
{Heap before GC invocations=2 (full 0):
 PSYoungGen      total 36864K, used 36850K [0x00000000eab00000, 0x00000000ef300000, 0x0000000100000000)
  eden space 31744K, 100% used [0x00000000eab00000,0x00000000eca00000,0x00000000eca00000)
  from space 5120K, 99% used [0x00000000eca00000,0x00000000ecefca50,0x00000000ecf00000)
  to   space 5120K, 0% used [0x00000000eee00000,0x00000000eee00000,0x00000000ef300000)
 ParOldGen       total 84992K, used 35468K [0x00000000c0000000, 0x00000000c5300000, 0x00000000eab00000)
  object space 84992K, 41% used [0x00000000c0000000,0x00000000c22a31a8,0x00000000c5300000)
 Metaspace       used 4339K, capacity 5424K, committed 5632K, reserved 1056768K
  class space    used 460K, capacity 488K, committed 512K, reserved 1048576K
Event: 0,592 GC heap after
Heap after GC invocations=2 (full 0):
 PSYoungGen      total 68608K, used 5095K [0x00000000eab00000, 0x00000000ef300000, 0x0000000100000000)
  eden space 63488K, 0% used [0x00000000eab00000,0x00000000eab00000,0x00000000ee900000)
  from space 5120K, 99% used [0x00000000eee00000,0x00000000ef2f9d58,0x00000000ef300000)
  to   space 5120K, 0% used [0x00000000ee900000,0x00000000ee900000,0x00000000eee00000)
 ParOldGen       total 84992K, used 37814K [0x00000000c0000000, 0x00000000c5300000, 0x00000000eab00000)
  object space 84992K, 44% used [0x00000000c0000000,0x00000000c24ed8c8,0x00000000c5300000)
 Metaspace       used 4339K, capacity 5424K, committed 5632K, reserved 1056768K
  class space    used 460K, capacity 488K, committed 512K, reserved 1048576K
}
Event: 0,861 GC heap before
{Heap before GC invocations=3 (full 0):
 PSYoungGen      total 68608K, used 68583K [0x00000000eab00000, 0x00000000ef300000, 0x0000000100000000)
  eden space 63488K, 100% used [0x00000000eab00000,0x00000000ee900000,0x00000000ee900000)
  from space 5120K, 99% used [0x00000000eee00000,0x00000000ef2f9d58,0x00000000ef300000)
  to   space 5120K, 0% used [0x00000000ee900000,0x00000000ee900000,0x00000000eee00000)
 ParOldGen       total 84992K, used 37814K [0x00000000c0000000, 0x00000000c5300000, 0x00000000eab00000)
  object space 84992K, 44% used [0x00000000c0000000,0x00000000c24ed8c8,0x00000000c5300000)
 Metaspace       used 4688K, capacity 5464K, committed 5760K, reserved 1056768K
  class space    used 497K, capacity 528K, committed 640K, reserved 1048576K

Deoptimization events (10 events):
Event: 0,461 Thread 0x00007fe8f800b800 Uncommon trap: reason=class_check action=maybe_recompile pc=0x00007fe8e91de1a0 method=com.android.dx.merge.DexMerger$IdMerger$UnsortedValue.compareTo(Lcom/android/dx/merge/DexMerger$IdMerger$UnsortedValue;)I @ 8
Event: 0,482 Thread 0x00007fe8f800b800 Uncommon trap: reason=unstable_if action=reinterpret pc=0x00007fe8e91f3c38 method=java.util.HashMap.putVal(ILjava/lang/Object;Ljava/lang/Object;ZZ)Ljava/lang/Object; @ 162
Event: 0,487 Thread 0x00007fe8f800b800 Uncommon trap: reason=unstable_if action=reinterpret pc=0x00007fe8e923795c method=com.android.dex.EncodedValueCodec.writeUnsignedIntegralValue(Lcom/android/dex/util/ByteOutput;IJ)V @ 11
Event: 0,487 Thread 0x00007fe8f800b800 Uncommon trap: reason=unstable_if action=reinterpret pc=0x00007fe8e923b390 method=com.android.dex.EncodedValueCodec.readUnsignedInt(Lcom/android/dex/util/ByteInput;IZ)I @ 3
Event: 0,524 Thread 0x00007fe8f800b800 Uncommon trap: reason=unstable_if action=reinterpret pc=0x00007fe8e91f10fc method=java.util.HashMap.getNode(ILjava/lang/Object;)Ljava/util/HashMap$Node; @ 84
Event: 0,526 Thread 0x00007fe8f800b800 Uncommon trap: reason=unstable_if action=reinterpret pc=0x00007fe8e91f1b00 method=java.util.HashMap.getNode(ILjava/lang/Object;)Ljava/util/HashMap$Node; @ 84
Event: 0,530 Thread 0x00007fe8f800b800 Uncommon trap: reason=unstable_if action=reinterpret pc=0x00007fe8e91ed454 method=com.android.dx.merge.IndexMap.adjustString(I)I @ 2
Event: 0,694 Thread 0x00007fe8f800b800 Uncommon trap: reason=unstable_if action=reinterpret pc=0x00007fe8e9145404 method=java.lang.String.indexOf(II)I @ 49
Event: 0,764 Thread 0x00007fe8f800b800 Uncommon trap: reason=unstable_if action=reinterpret pc=0x00007fe8e9206804 method=com.android.dx.merge.DexMerger$IdMerger.readIntoMap(Lcom/android/dex/Dex$Section;Lcom/android/dex/TableOfContents$Section;Lcom/android/dx/merge/IndexMap;ILjava/util/TreeMap;
Event: 0,837 Thread 0x00007fe8f800b800 Uncommon trap: reason=unloaded action=reinterpret pc=0x00007fe8e932e3c0 method=com.android.dx.merge.IndexMap$EncodedValueTransformer.transform(Lcom/android/dex/EncodedValueReader;)V @ 232

Internal exceptions (3 events):
Event: 0,026 Thread 0x00007fe8f800b800 Exception <a 'java/lang/NoSuchMethodError': Method sun.misc.Unsafe.defineClass(Ljava/lang/String;[BII)Ljava/lang/Class; name or signature does not match> (0x00000000eab07cc0) thrown at [/HUDSON3/workspace/8-2-build-linux-amd64/jdk8u101/7261/hotspot/src/sh
Event: 0,026 Thread 0x00007fe8f800b800 Exception <a 'java/lang/NoSuchMethodError': Method sun.misc.Unsafe.prefetchRead(Ljava/lang/Object;J)V name or signature does not match> (0x00000000eab07fa8) thrown at [/HUDSON3/workspace/8-2-build-linux-amd64/jdk8u101/7261/hotspot/src/share/vm/prims/jni.c
Event: 0,764 Thread 0x00007fe8f800b800 Implicit null exception at 0x00007fe8e9205992 to 0x00007fe8e92067e1

Events (10 events):
Event: 0,764 Thread 0x00007fe8f800b800 DEOPT PACKING pc=0x00007fe8e9206804 sp=0x00007fe9009b0440
Event: 0,764 Thread 0x00007fe8f800b800 DEOPT UNPACKING pc=0x00007fe8e9005229 sp=0x00007fe9009b03e8 mode 2
Event: 0,767 Thread 0x00007fe8f800b800 DEOPT PACKING pc=0x00007fe8e91fa6d9 sp=0x00007fe9009b04a0
Event: 0,767 Thread 0x00007fe8f800b800 DEOPT UNPACKING pc=0x00007fe8e9047633 sp=0x00007fe9009b0298 mode 0
Event: 0,837 Thread 0x00007fe8f800b800 Uncommon trap: trap_request=0x0000006a fr.pc=0x00007fe8e932e3c0
Event: 0,837 Thread 0x00007fe8f800b800 DEOPT PACKING pc=0x00007fe8e932e3c0 sp=0x00007fe9009b0250
Event: 0,837 Thread 0x00007fe8f800b800 DEOPT UNPACKING pc=0x00007fe8e9005229 sp=0x00007fe9009b0240 mode 2
Event: 0,843 loading class java/util/Collections$EmptyIterator
Event: 0,843 loading class java/util/Collections$EmptyIterator done
Event: 0,861 Executing VM operation: ParallelGCFailedAllocation


Dynamic libraries:
00400000-00401000 r-xp 00000000 08:04 805299                             /usr/lib/jvm/java-8-oracle/bin/java
00600000-00601000 rw-p 00000000 08:04 805299                             /usr/lib/jvm/java-8-oracle/bin/java
01cac000-01ccd000 rw-p 00000000 00:00 0                                  [heap]
c0000000-c5300000 rw-p 00000000 00:00 0 
c5300000-eab00000 ---p 00000000 00:00 0 
eab00000-ef300000 rw-p 00000000 00:00 0 
f3100000-100000000 ---p 00000000 00:00 0 
100000000-1000a0000 rw-p 00000000 00:00 0 
1000a0000-140000000 ---p 00000000 00:00 0 
7fe890000000-7fe890021000 rw-p 00000000 00:00 0 
7fe890021000-7fe894000000 ---p 00000000 00:00 0 
7fe898000000-7fe8983c9000 rw-p 00000000 00:00 0 
7fe8983c9000-7fe89c000000 ---p 00000000 00:00 0 
7fe89c000000-7fe89c021000 rw-p 00000000 00:00 0 
7fe89c021000-7fe8a0000000 ---p 00000000 00:00 0 
7fe8a0000000-7fe8a0b9d000 rw-p 00000000 00:00 0 
7fe8a0b9d000-7fe8a4000000 ---p 00000000 00:00 0 
7fe8a4000000-7fe8a4552000 rw-p 00000000 00:00 0 
7fe8a4552000-7fe8a8000000 ---p 00000000 00:00 0 
7fe8a8000000-7fe8a8021000 rw-p 00000000 00:00 0 
7fe8a8021000-7fe8ac000000 ---p 00000000 00:00 0 
7fe8ac000000-7fe8aca87000 rw-p 00000000 00:00 0 
7fe8aca87000-7fe8b0000000 ---p 00000000 00:00 0 
7fe8b0000000-7fe8b0021000 rw-p 00000000 00:00 0 
7fe8b0021000-7fe8b4000000 ---p 00000000 00:00 0 
7fe8b4000000-7fe8b4021000 rw-p 00000000 00:00 0 
7fe8b4021000-7fe8b8000000 ---p 00000000 00:00 0 
7fe8b8000000-7fe8b8021000 rw-p 00000000 00:00 0 
7fe8b8021000-7fe8bc000000 ---p 00000000 00:00 0 
7fe8bc000000-7fe8bc28d000 rw-p 00000000 00:00 0 
7fe8bc28d000-7fe8c0000000 ---p 00000000 00:00 0 
7fe8c0000000-7fe8c0021000 rw-p 00000000 00:00 0 
7fe8c0021000-7fe8c4000000 ---p 00000000 00:00 0 
7fe8c4000000-7fe8c4021000 rw-p 00000000 00:00 0 
7fe8c4021000-7fe8c8000000 ---p 00000000 00:00 0 
7fe8c8000000-7fe8c8021000 rw-p 00000000 00:00 0 
7fe8c8021000-7fe8cc000000 ---p 00000000 00:00 0 
7fe8d0000000-7fe8d0021000 rw-p 00000000 00:00 0 
7fe8d0021000-7fe8d4000000 ---p 00000000 00:00 0 
7fe8d8000000-7fe8d8021000 rw-p 00000000 00:00 0 
7fe8d8021000-7fe8dc000000 ---p 00000000 00:00 0 
7fe8dc000000-7fe8dc021000 rw-p 00000000 00:00 0 
7fe8dc021000-7fe8e0000000 ---p 00000000 00:00 0 
7fe8e0000000-7fe8e0021000 rw-p 00000000 00:00 0 
7fe8e0021000-7fe8e4000000 ---p 00000000 00:00 0 
7fe8e4011000-7fe8e4012000 ---p 00000000 00:00 0 
7fe8e4012000-7fe8e4112000 rw-p 00000000 00:00 0 
7fe8e4112000-7fe8e4115000 ---p 00000000 00:00 0 
7fe8e4115000-7fe8e4213000 rw-p 00000000 00:00 0 
7fe8e4213000-7fe8e4216000 ---p 00000000 00:00 0 
7fe8e4216000-7fe8e4314000 rw-p 00000000 00:00 0 
7fe8e4314000-7fe8e4317000 ---p 00000000 00:00 0 
7fe8e4317000-7fe8e4415000 rw-p 00000000 00:00 0 
7fe8e4415000-7fe8e4418000 ---p 00000000 00:00 0 
7fe8e4418000-7fe8e4516000 rw-p 00000000 00:00 0 
7fe8e4516000-7fe8e4519000 ---p 00000000 00:00 0 
7fe8e4519000-7fe8e4617000 rw-p 00000000 00:00 0 
7fe8e4617000-7fe8e461a000 ---p 00000000 00:00 0 
7fe8e461a000-7fe8e4718000 rw-p 00000000 00:00 0 
7fe8e4718000-7fe8e4f64000 r--p 00000000 08:04 531399                     /usr/lib/locale/locale-archive
7fe8e4f64000-7fe8e4f67000 ---p 00000000 00:00 0 
7fe8e4f67000-7fe8e5065000 rw-p 00000000 00:00 0 
7fe8e5065000-7fe8e5068000 ---p 00000000 00:00 0 
7fe8e5068000-7fe8e5166000 rw-p 00000000 00:00 0 
7fe8e5166000-7fe8e5167000 ---p 00000000 00:00 0 
7fe8e5167000-7fe8e6e27000 rw-p 00000000 00:00 0 
7fe8e6e27000-7fe8e7000000 r--s 03d29000 08:04 802398                     /usr/lib/jvm/java-8-oracle/jre/lib/rt.jar
7fe8e7000000-7fe8e9000000 rw-p 00000000 00:00 0 
7fe8e9000000-7fe8e9380000 rwxp 00000000 00:00 0 
7fe8e9380000-7fe8f8000000 ---p 00000000 00:00 0 
7fe8f8000000-7fe8f8428000 rw-p 00000000 00:00 0 
7fe8f8428000-7fe8fc000000 ---p 00000000 00:00 0 
7fe8fc003000-7fe8fc60a000 rw-p 00000000 00:00 0 
7fe8fc60a000-7fe8fc90a000 ---p 00000000 00:00 0 
7fe8fc90a000-7fe8fcb0a000 rw-p 00000000 00:00 0 
7fe8fcb0a000-7fe8fcb0b000 ---p 00000000 00:00 0 
7fe8fcb0b000-7fe8fcc0b000 rw-p 00000000 00:00 0 
7fe8fcc0b000-7fe8fcc0c000 ---p 00000000 00:00 0 
7fe8fcc0c000-7fe8fcd0c000 rw-p 00000000 00:00 0 
7fe8fcd0c000-7fe8fcd0d000 ---p 00000000 00:00 0 
7fe8fcd0d000-7fe8fce0d000 rw-p 00000000 00:00 0 
7fe8fce0d000-7fe8fce0e000 ---p 00000000 00:00 0 
7fe8fce0e000-7fe8fcf0e000 rw-p 00000000 00:00 0 
7fe8fcf0e000-7fe8fcf0f000 ---p 00000000 00:00 0 
7fe8fcf0f000-7fe8fd00f000 rw-p 00000000 00:00 0 
7fe8fd00f000-7fe8fd010000 ---p 00000000 00:00 0 
7fe8fd010000-7fe8fd110000 rw-p 00000000 00:00 0 
7fe8fd110000-7fe8fd111000 ---p 00000000 00:00 0 
7fe8fd111000-7fe8fd211000 rw-p 00000000 00:00 0 
7fe8fd211000-7fe8fd212000 ---p 00000000 00:00 0 
7fe8fd212000-7fe8fd33c000 rw-p 00000000 00:00 0 
7fe8fd33c000-7fe8fd468000 ---p 00000000 00:00 0 
7fe8fd468000-7fe8fd492000 rw-p 00000000 00:00 0 
7fe8fd492000-7fe8fd5bd000 ---p 00000000 00:00 0 
7fe8fd5bd000-7fe8fd5e2000 rw-p 00000000 00:00 0 
7fe8fd5e2000-7fe8fd668000 ---p 00000000 00:00 0 
7fe8fd668000-7fe8fd677000 rw-p 00000000 00:00 0 
7fe8fd677000-7fe8fda29000 ---p 00000000 00:00 0 
7fe8fda29000-7fe8fda43000 r-xp 00000000 08:04 802410                     /usr/lib/jvm/java-8-oracle/jre/lib/amd64/libzip.so
7fe8fda43000-7fe8fdc43000 ---p 0001a000 08:04 802410                     /usr/lib/jvm/java-8-oracle/jre/lib/amd64/libzip.so
7fe8fdc43000-7fe8fdc44000 rw-p 0001a000 08:04 802410                     /usr/lib/jvm/java-8-oracle/jre/lib/amd64/libzip.so
7fe8fdc44000-7fe8fdc4e000 r-xp 00000000 08:04 270973                     /lib/x86_64-linux-gnu/libnss_files-2.19.so
7fe8fdc4e000-7fe8fde4d000 ---p 0000a000 08:04 270973                     /lib/x86_64-linux-gnu/libnss_files-2.19.so
7fe8fde4d000-7fe8fde4e000 r--p 00009000 08:04 270973                     /lib/x86_64-linux-gnu/libnss_files-2.19.so
7fe8fde4e000-7fe8fde4f000 rw-p 0000a000 08:04 270973                     /lib/x86_64-linux-gnu/libnss_files-2.19.so
7fe8fde4f000-7fe8fde5a000 r-xp 00000000 08:04 270961                     /lib/x86_64-linux-gnu/libnss_nis-2.19.so
7fe8fde5a000-7fe8fe059000 ---p 0000b000 08:04 270961                     /lib/x86_64-linux-gnu/libnss_nis-2.19.so
7fe8fe059000-7fe8fe05a000 r--p 0000a000 08:04 270961                     /lib/x86_64-linux-gnu/libnss_nis-2.19.so
7fe8fe05a000-7fe8fe05b000 rw-p 0000b000 08:04 270961                     /lib/x86_64-linux-gnu/libnss_nis-2.19.so
7fe8fe05b000-7fe8fe072000 r-xp 00000000 08:04 270957                     /lib/x86_64-linux-gnu/libnsl-2.19.so
7fe8fe072000-7fe8fe271000 ---p 00017000 08:04 270957                     /lib/x86_64-linux-gnu/libnsl-2.19.so
7fe8fe271000-7fe8fe272000 r--p 00016000 08:04 270957                     /lib/x86_64-linux-gnu/libnsl-2.19.so
7fe8fe272000-7fe8fe273000 rw-p 00017000 08:04 270957                     /lib/x86_64-linux-gnu/libnsl-2.19.so
7fe8fe273000-7fe8fe275000 rw-p 00000000 00:00 0 
7fe8fe275000-7fe8fe27e000 r-xp 00000000 08:04 270956                     /lib/x86_64-linux-gnu/libnss_compat-2.19.so
7fe8fe27e000-7fe8fe47d000 ---p 00009000 08:04 270956                     /lib/x86_64-linux-gnu/libnss_compat-2.19.so
7fe8fe47d000-7fe8fe47e000 r--p 00008000 08:04 270956                     /lib/x86_64-linux-gnu/libnss_compat-2.19.so
7fe8fe47e000-7fe8fe47f000 rw-p 00009000 08:04 270956                     /lib/x86_64-linux-gnu/libnss_compat-2.19.so
7fe8fe47f000-7fe8fe4a9000 r-xp 00000000 08:04 802412                     /usr/lib/jvm/java-8-oracle/jre/lib/amd64/libjava.so
7fe8fe4a9000-7fe8fe6a9000 ---p 0002a000 08:04 802412                     /usr/lib/jvm/java-8-oracle/jre/lib/amd64/libjava.so
7fe8fe6a9000-7fe8fe6ab000 rw-p 0002a000 08:04 802412                     /usr/lib/jvm/java-8-oracle/jre/lib/amd64/libjava.so
7fe8fe6ab000-7fe8fe6b8000 r-xp 00000000 08:04 805015                     /usr/lib/jvm/java-8-oracle/jre/lib/amd64/libverify.so
7fe8fe6b8000-7fe8fe8b8000 ---p 0000d000 08:04 805015                     /usr/lib/jvm/java-8-oracle/jre/lib/amd64/libverify.so
7fe8fe8b8000-7fe8fe8ba000 rw-p 0000d000 08:04 805015                     /usr/lib/jvm/java-8-oracle/jre/lib/amd64/libverify.so
7fe8fe8ba000-7fe8fe8c1000 r-xp 00000000 08:04 270968                     /lib/x86_64-linux-gnu/librt-2.19.so
7fe8fe8c1000-7fe8feac0000 ---p 00007000 08:04 270968                     /lib/x86_64-linux-gnu/librt-2.19.so
7fe8feac0000-7fe8feac1000 r--p 00006000 08:04 270968                     /lib/x86_64-linux-gnu/librt-2.19.so
7fe8feac1000-7fe8feac2000 rw-p 00007000 08:04 270968                     /lib/x86_64-linux-gnu/librt-2.19.so
7fe8feac2000-7fe8febc7000 r-xp 00000000 08:04 270934                     /lib/x86_64-linux-gnu/libm-2.19.so
7fe8febc7000-7fe8fedc6000 ---p 00105000 08:04 270934                     /lib/x86_64-linux-gnu/libm-2.19.so
7fe8fedc6000-7fe8fedc7000 r--p 00104000 08:04 270934                     /lib/x86_64-linux-gnu/libm-2.19.so
7fe8fedc7000-7fe8fedc8000 rw-p 00105000 08:04 270934                     /lib/x86_64-linux-gnu/libm-2.19.so
7fe8fedc8000-7fe8ffa93000 r-xp 00000000 08:04 805067                     /usr/lib/jvm/java-8-oracle/jre/lib/amd64/server/libjvm.so
7fe8ffa93000-7fe8ffc92000 ---p 00ccb000 08:04 805067                     /usr/lib/jvm/java-8-oracle/jre/lib/amd64/server/libjvm.so
7fe8ffc92000-7fe8ffd6b000 rw-p 00cca000 08:04 805067                     /usr/lib/jvm/java-8-oracle/jre/lib/amd64/server/libjvm.so
7fe8ffd6b000-7fe8ffdb6000 rw-p 00000000 00:00 0 
7fe8ffdb6000-7fe8fff70000 r-xp 00000000 08:04 270969                     /lib/x86_64-linux-gnu/libc-2.19.so
7fe8fff70000-7fe900170000 ---p 001ba000 08:04 270969                     /lib/x86_64-linux-gnu/libc-2.19.so
7fe900170000-7fe900174000 r--p 001ba000 08:04 270969                     /lib/x86_64-linux-gnu/libc-2.19.so
7fe900174000-7fe900176000 rw-p 001be000 08:04 270969                     /lib/x86_64-linux-gnu/libc-2.19.so
7fe900176000-7fe90017b000 rw-p 00000000 00:00 0 
7fe90017b000-7fe90017e000 r-xp 00000000 08:04 270944                     /lib/x86_64-linux-gnu/libdl-2.19.so
7fe90017e000-7fe90037d000 ---p 00003000 08:04 270944                     /lib/x86_64-linux-gnu/libdl-2.19.so
7fe90037d000-7fe90037e000 r--p 00002000 08:04 270944                     /lib/x86_64-linux-gnu/libdl-2.19.so
7fe90037e000-7fe90037f000 rw-p 00003000 08:04 270944                     /lib/x86_64-linux-gnu/libdl-2.19.so
7fe90037f000-7fe900394000 r-xp 00000000 08:04 802183                     /usr/lib/jvm/java-8-oracle/lib/amd64/jli/libjli.so
7fe900394000-7fe900594000 ---p 00015000 08:04 802183                     /usr/lib/jvm/java-8-oracle/lib/amd64/jli/libjli.so
7fe900594000-7fe900595000 rw-p 00015000 08:04 802183                     /usr/lib/jvm/java-8-oracle/lib/amd64/jli/libjli.so
7fe900595000-7fe9005ae000 r-xp 00000000 08:04 270958                     /lib/x86_64-linux-gnu/libpthread-2.19.so
7fe9005ae000-7fe9007ad000 ---p 00019000 08:04 270958                     /lib/x86_64-linux-gnu/libpthread-2.19.so
7fe9007ad000-7fe9007ae000 r--p 00018000 08:04 270958                     /lib/x86_64-linux-gnu/libpthread-2.19.so
7fe9007ae000-7fe9007af000 rw-p 00019000 08:04 270958                     /lib/x86_64-linux-gnu/libpthread-2.19.so
7fe9007af000-7fe9007b3000 rw-p 00000000 00:00 0 
7fe9007b3000-7fe9007d6000 r-xp 00000000 08:04 270959                     /lib/x86_64-linux-gnu/ld-2.19.so
7fe9007d8000-7fe9008b1000 rw-p 00000000 00:00 0 
7fe9008b1000-7fe9008b4000 ---p 00000000 00:00 0 
7fe9008b4000-7fe9009b7000 rw-p 00000000 00:00 0 
7fe9009b7000-7fe9009bb000 r--s 00097000 08:04 802297                     /usr/lib/jvm/java-8-oracle/jre/lib/jsse.jar
7fe9009bb000-7fe9009c9000 r--s 000e0000 08:04 135127                     /home/ankoma88/Android/Sdk/build-tools/24.0.1/lib/dx.jar
7fe9009c9000-7fe9009d1000 rw-s 00000000 08:04 807886                     /tmp/hsperfdata_ankoma88/7515
7fe9009d1000-7fe9009d2000 rw-p 00000000 00:00 0 
7fe9009d2000-7fe9009d3000 ---p 00000000 00:00 0 
7fe9009d3000-7fe9009d5000 rw-p 00000000 00:00 0 
7fe9009d5000-7fe9009d6000 r--p 00022000 08:04 270959                     /lib/x86_64-linux-gnu/ld-2.19.so
7fe9009d6000-7fe9009d7000 rw-p 00023000 08:04 270959                     /lib/x86_64-linux-gnu/ld-2.19.so
7fe9009d7000-7fe9009d8000 rw-p 00000000 00:00 0 
7ffe86323000-7ffe86345000 rw-p 00000000 00:00 0                          [stack]
7ffe8638f000-7ffe86391000 r--p 00000000 00:00 0                          [vvar]
7ffe86391000-7ffe86393000 r-xp 00000000 00:00 0                          [vdso]
ffffffffff600000-ffffffffff601000 r-xp 00000000 00:00 0                  [vsyscall]

VM Arguments:
jvm_args: -Djava.awt.headless=true -Xmx1024M -Dfile.encoding=UTF-8 -Duser.country=US -Duser.language=en -Duser.variant 
java_command: com.android.dx.command.Main --dex --num-threads=4 --output /home/ankoma88/Desktop/VkClient/app/build/intermediates/transforms/dex/debug/folders/1000/1f/main /home/ankoma88/Desktop/VkClient/app/build/intermediates/pre-dexed/debug/com.facebook.fresco-drawee-0.11.0_d08d139cd1b2a44e553ce42e9cdeb4da62d14c25.jar /home/ankoma88/Desktop/VkClient/app/build/intermediates/pre-dexed/debug/debug_982ab0108e42a02717e9e896b4295ffe26605390.jar /home/ankoma88/Desktop/VkClient/app/build/intermediates/pre-dexed/debug/com.android.support-recyclerview-v7-24.1.0_3aa950ae365b757d3f597075311b50be33368413.jar /home/ankoma88/Desktop/VkClient/app/build/intermediates/pre-dexed/debug/com.android.support-animated-vector-drawable-24.1.0_00f427d9d5d0fab4cb8ec2a15e4ee7189e073684.jar /home/ankoma88/Desktop/VkClient/app/build/intermediates/pre-dexed/debug/com.facebook.fresco-fresco-0.11.0_df23f73047dbb3f1651cd9fd918a447d37d3bb47.jar /home/ankoma88/Desktop/VkClient/app/build/intermediates/pre-dexed/debug/com.android.support-support-v4-24.1.0_17ca6177a68bd109afcba75a4fb30e9b9c87c2be.jar /home/ankoma88/Desktop/VkClient/app/build/intermediates/pre-dexed/debug/com.facebook.fresco-imagepipeline-base-0.12.0_476511d7768ff6f42241f58580ea5ba7d8fb71f4.jar /home/ankoma88/Desktop/VkClient/app/build/intermediates/pre-dexed/debug/com.vk-androidsdk-1.6.7_bb7dd6769acf968015b09dd550e1ba3f9149c607.jar /home/ankoma88/Desktop/VkClient/app/build/intermediates/pre-dexed/debug/com.facebook.fresco-animated-base-support-0.12.0_85e9c33ce578fd61c395442a57e8547103024d44.jar /home/ankoma88/Desktop/VkClient/app/build/intermediates/pre-dexed/debug/bolts-tasks-1.4.0_fe6038eaef194f3c6f70700a5ead690f3e448aea.jar /home/ankoma88/Desktop/VkClient/app/build/intermediates/pre-dexed/debug/com.android.support-design-24.1.0_ec502440a5380f928443d4e784cb0c6ffc1aa8a4.jar /home/ankoma88/Desktop/VkClient/app/build/intermediates/pre-dexed/debug/com.facebook.fresco-fbcore-0.12.0_387df8a1685892398d33a98215debde5c85459c3.jar /home/ankom
java_class_path (initial): /home/ankoma88/Android/Sdk/build-tools/24.0.1/lib/dx.jar
Launcher Type: SUN_STANDARD

Environment Variables:
JAVA_HOME=/usr/lib/jvm/java-8-oracle
PATH=/usr/local/sbin:/usr/local/bin:/usr/sbin:/usr/bin:/sbin:/bin:/usr/games:/usr/local/games:/usr/lib/jvm/java-8-oracle/bin:/usr/lib/jvm/java-8-oracle/db/bin:/usr/lib/jvm/java-8-oracle/jre/bin
LD_LIBRARY_PATH=/usr/local/ide/android-studio/bin:
SHELL=/bin/bash
DISPLAY=:0

Signal Handlers:
SIGSEGV: [libjvm.so+0xac4790], sa_mask[0]=11111111011111111101111111111110, sa_flags=SA_RESTART|SA_SIGINFO
SIGBUS: [libjvm.so+0xac4790], sa_mask[0]=11111111011111111101111111111110, sa_flags=SA_RESTART|SA_SIGINFO
SIGFPE: [libjvm.so+0x91f140], sa_mask[0]=11111111011111111101111111111110, sa_flags=SA_RESTART|SA_SIGINFO
SIGPIPE: [libjvm.so+0x91f140], sa_mask[0]=11111111011111111101111111111110, sa_flags=SA_RESTART|SA_SIGINFO
SIGXFSZ: [libjvm.so+0x91f140], sa_mask[0]=11111111011111111101111111111110, sa_flags=SA_RESTART|SA_SIGINFO
SIGILL: [libjvm.so+0x91f140], sa_mask[0]=11111111011111111101111111111110, sa_flags=SA_RESTART|SA_SIGINFO
SIGUSR1: SIG_DFL, sa_mask[0]=00000000000000000000000000000000, sa_flags=none
SIGUSR2: [libjvm.so+0x920770], sa_mask[0]=00100000000000000000000000000000, sa_flags=SA_RESTART|SA_SIGINFO
SIGHUP: [libjvm.so+0x921b70], sa_mask[0]=11111111011111111101111111111110, sa_flags=SA_RESTART|SA_SIGINFO
SIGINT: [libjvm.so+0x921b70], sa_mask[0]=11111111011111111101111111111110, sa_flags=SA_RESTART|SA_SIGINFO
SIGTERM: [libjvm.so+0x921b70], sa_mask[0]=11111111011111111101111111111110, sa_flags=SA_RESTART|SA_SIGINFO
SIGQUIT: [libjvm.so+0x921b70], sa_mask[0]=11111111011111111101111111111110, sa_flags=SA_RESTART|SA_SIGINFO


---------------  S Y S T E M  ---------------

OS:DISTRIB_ID=Ubuntu
DISTRIB_RELEASE=14.04
DISTRIB_CODENAME=trusty
DISTRIB_DESCRIPTION="Ubuntu 14.04.4 LTS"

uname:Linux 4.2.0-42-generic #49~14.04.1-Ubuntu SMP Wed Jun 29 20:22:11 UTC 2016 x86_64
libc:glibc 2.19 NPTL 2.19 
rlimit: STACK 8192k, CORE 0k, NPROC 31306, NOFILE 4096, AS infinity
load average:1,74 1,96 1,97

/proc/meminfo:
MemTotal:        8058468 kB
MemFree:          102404 kB
MemAvailable:      54424 kB
Buffers:            2544 kB
Cached:           616952 kB
SwapCached:            0 kB
Active:          7114780 kB
Inactive:         541664 kB
Active(anon):    7094028 kB
Inactive(anon):   527392 kB
Active(file):      20752 kB
Inactive(file):    14272 kB
Unevictable:          80 kB
Mlocked:              80 kB
SwapTotal:             0 kB
SwapFree:              0 kB
Dirty:                32 kB
Writeback:             0 kB
AnonPages:       7037296 kB
Mapped:           244084 kB
Shmem:            584264 kB
Slab:              98256 kB
SReclaimable:      37956 kB
SUnreclaim:        60300 kB
KernelStack:       21360 kB
PageTables:        95420 kB
NFS_Unstable:          0 kB
Bounce:                0 kB
WritebackTmp:          0 kB
CommitLimit:     4029232 kB
Committed_AS:   20497852 kB
VmallocTotal:   34359738367 kB
VmallocUsed:      390236 kB
VmallocChunk:   34358947836 kB
HardwareCorrupted:     0 kB
AnonHugePages:   1845248 kB
CmaTotal:              0 kB
CmaFree:               0 kB
HugePages_Total:       0
HugePages_Free:        0
HugePages_Rsvd:        0
HugePages_Surp:        0
Hugepagesize:       2048 kB
DirectMap4k:      233448 kB
DirectMap2M:     8038400 kB


CPU:total 8 (4 cores per cpu, 2 threads per core) family 6 model 58 stepping 9, cmov, cx8, fxsr, mmx, sse, sse2, sse3, ssse3, sse4.1, sse4.2, popcnt, avx, clmul, erms, ht, tsc, tscinvbit, tscinv

/proc/cpuinfo:
processor	: 0
vendor_id	: GenuineIntel
cpu family	: 6
model		: 58
model name	: Intel(R) Core(TM) i7-3610QM CPU @ 2.30GHz
stepping	: 9
microcode	: 0x15
cpu MHz		: 3107.156
cache size	: 6144 KB
physical id	: 0
siblings	: 8
core id		: 0
cpu cores	: 4
apicid		: 0
initial apicid	: 0
fpu		: yes
fpu_exception	: yes
cpuid level	: 13
wp		: yes
flags		: fpu vme de pse tsc msr pae mce cx8 apic sep mtrr pge mca cmov pat pse36 clflush dts acpi mmx fxsr sse sse2 ss ht tm pbe syscall nx rdtscp lm constant_tsc arch_perfmon pebs bts rep_good nopl xtopology nonstop_tsc aperfmperf eagerfpu pni pclmulqdq dtes64 monitor ds_cpl vmx est tm2 ssse3 cx16 xtpr pdcm pcid sse4_1 sse4_2 x2apic popcnt tsc_deadline_timer xsave avx f16c rdrand lahf_lm ida arat epb pln pts dtherm tpr_shadow vnmi flexpriority ept vpid fsgsbase smep erms xsaveopt
bugs		:
bogomips	: 4589.48
clflush size	: 64
cache_alignment	: 64
address sizes	: 36 bits physical, 48 bits virtual
power management:

processor	: 1
vendor_id	: GenuineIntel
cpu family	: 6
model		: 58
model name	: Intel(R) Core(TM) i7-3610QM CPU @ 2.30GHz
stepping	: 9
microcode	: 0x15
cpu MHz		: 3187.207
cache size	: 6144 KB
physical id	: 0
siblings	: 8
core id		: 1
cpu cores	: 4
apicid		: 2
initial apicid	: 2
fpu		: yes
fpu_exception	: yes
cpuid level	: 13
wp		: yes
flags		: fpu vme de pse tsc msr pae mce cx8 apic sep mtrr pge mca cmov pat pse36 clflush dts acpi mmx fxsr sse sse2 ss ht tm pbe syscall nx rdtscp lm constant_tsc arch_perfmon pebs bts rep_good nopl xtopology nonstop_tsc aperfmperf eagerfpu pni pclmulqdq dtes64 monitor ds_cpl vmx est tm2 ssse3 cx16 xtpr pdcm pcid sse4_1 sse4_2 x2apic popcnt tsc_deadline_timer xsave avx f16c rdrand lahf_lm ida arat epb pln pts dtherm tpr_shadow vnmi flexpriority ept vpid fsgsbase smep erms xsaveopt
bugs		:
bogomips	: 4589.48
clflush size	: 64
cache_alignment	: 64
address sizes	: 36 bits physical, 48 bits virtual
power management:

processor	: 2
vendor_id	: GenuineIntel
cpu family	: 6
model		: 58
model name	: Intel(R) Core(TM) i7-3610QM CPU @ 2.30GHz
stepping	: 9
microcode	: 0x15
cpu MHz		: 3099.968
cache size	: 6144 KB
physical id	: 0
siblings	: 8
core id		: 2
cpu cores	: 4
apicid		: 4
initial apicid	: 4
fpu		: yes
fpu_exception	: yes
cpuid level	: 13
wp		: yes
flags		: fpu vme de pse tsc msr pae mce cx8 apic sep mtrr pge mca cmov pat pse36 clflush dts acpi mmx fxsr sse sse2 ss ht tm pbe syscall nx rdtscp lm constant_tsc arch_perfmon pebs bts rep_good nopl xtopology nonstop_tsc aperfmperf eagerfpu pni pclmulqdq dtes64 monitor ds_cpl vmx est tm2 ssse3 cx16 xtpr pdcm pcid sse4_1 sse4_2 x2apic popcnt tsc_deadline_timer xsave avx f16c rdrand lahf_lm ida arat epb pln pts dtherm tpr_shadow vnmi flexpriority ept vpid fsgsbase smep erms xsaveopt
bugs		:
bogomips	: 4589.48
clflush size	: 64
cache_alignment	: 64
address sizes	: 36 bits physical, 48 bits virtual
power management:

processor	: 3
vendor_id	: GenuineIntel
cpu family	: 6
model		: 58
model name	: Intel(R) Core(TM) i7-3610QM CPU @ 2.30GHz
stepping	: 9
microcode	: 0x15
cpu MHz		: 3099.968
cache size	: 6144 KB
physical id	: 0
siblings	: 8
core id		: 3
cpu cores	: 4
apicid		: 6
initial apicid	: 6
fpu		: yes
fpu_exception	: yes
cpuid level	: 13
wp		: yes
flags		: fpu vme de pse tsc msr pae mce cx8 apic sep mtrr pge mca cmov pat pse36 clflush dts acpi mmx fxsr sse sse2 ss ht tm pbe syscall nx rdtscp lm constant_tsc arch_perfmon pebs bts rep_good nopl xtopology nonstop_tsc aperfmperf eagerfpu pni pclmulqdq dtes64 monitor ds_cpl vmx est tm2 ssse3 cx16 xtpr pdcm pcid sse4_1 sse4_2 x2apic popcnt tsc_deadline_timer xsave avx f16c rdrand lahf_lm ida arat epb pln pts dtherm tpr_shadow vnmi flexpriority ept vpid fsgsbase smep erms xsaveopt
bugs		:
bogomips	: 4589.48
clflush size	: 64
cache_alignment	: 64
address sizes	: 36 bits physical, 48 bits virtual
power management:

processor	: 4
vendor_id	: GenuineIntel
cpu family	: 6
model		: 58
model name	: Intel(R) Core(TM) i7-3610QM CPU @ 2.30GHz
stepping	: 9
microcode	: 0x15
cpu MHz		: 3172.742
cache size	: 6144 KB
physical id	: 0
siblings	: 8
core id		: 0
cpu cores	: 4
apicid		: 1
initial apicid	: 1
fpu		: yes
fpu_exception	: yes
cpuid level	: 13
wp		: yes
flags		: fpu vme de pse tsc msr pae mce cx8 apic sep mtrr pge mca cmov pat pse36 clflush dts acpi mmx fxsr sse sse2 ss ht tm pbe syscall nx rdtscp lm constant_tsc arch_perfmon pebs bts rep_good nopl xtopology nonstop_tsc aperfmperf eagerfpu pni pclmulqdq dtes64 monitor ds_cpl vmx est tm2 ssse3 cx16 xtpr pdcm pcid sse4_1 sse4_2 x2apic popcnt tsc_deadline_timer xsave avx f16c rdrand lahf_lm ida arat epb pln pts dtherm tpr_shadow vnmi flexpriority ept vpid fsgsbase smep erms xsaveopt
bugs		:
bogomips	: 4589.48
clflush size	: 64
cache_alignment	: 64
address sizes	: 36 bits physical, 48 bits virtual
power management:

processor	: 5
vendor_id	: GenuineIntel
cpu family	: 6
model		: 58
model name	: Intel(R) Core(TM) i7-3610QM CPU @ 2.30GHz
stepping	: 9
microcode	: 0x15
cpu MHz		: 3153.605
cache size	: 6144 KB
physical id	: 0
siblings	: 8
core id		: 1
cpu cores	: 4
apicid		: 3
initial apicid	: 3
fpu		: yes
fpu_exception	: yes
cpuid level	: 13
wp		: yes
flags		: fpu vme de pse tsc msr pae mce cx8 apic sep mtrr pge mca cmov pat pse36 clflush dts acpi mmx fxsr sse sse2 ss ht tm pbe syscall nx rdtscp lm constant_tsc arch_perfmon pebs bts rep_good nopl xtopology nonstop_tsc aperfmperf eagerfpu pni pclmulqdq dtes64 monitor ds_cpl vmx est tm2 ssse3 cx16 xtpr pdcm pcid sse4_1 sse4_2 x2apic popcnt tsc_deadline_timer xsave avx f16c rdrand lahf_lm ida arat epb pln pts dtherm tpr_shadow vnmi flexpriority ept vpid fsgsbase smep erms xsaveopt
bugs		:
bogomips	: 4589.48
clflush size	: 64
cache_alignment	: 64
address sizes	: 36 bits physical, 48 bits virtual
power management:

processor	: 6
vendor_id	: GenuineIntel
cpu family	: 6
model		: 58
model name	: Intel(R) Core(TM) i7-3610QM CPU @ 2.30GHz
stepping	: 9
microcode	: 0x15
cpu MHz		: 3099.968
cache size	: 6144 KB
physical id	: 0
siblings	: 8
core id		: 2
cpu cores	: 4
apicid		: 5
initial apicid	: 5
fpu		: yes
fpu_exception	: yes
cpuid level	: 13
wp		: yes
flags		: fpu vme de pse tsc msr pae mce cx8 apic sep mtrr pge mca cmov pat pse36 clflush dts acpi mmx fxsr sse sse2 ss ht tm pbe syscall nx rdtscp lm constant_tsc arch_perfmon pebs bts rep_good nopl xtopology nonstop_tsc aperfmperf eagerfpu pni pclmulqdq dtes64 monitor ds_cpl vmx est tm2 ssse3 cx16 xtpr pdcm pcid sse4_1 sse4_2 x2apic popcnt tsc_deadline_timer xsave avx f16c rdrand lahf_lm ida arat epb pln pts dtherm tpr_shadow vnmi flexpriority ept vpid fsgsbase smep erms xsaveopt
bugs		:
bogomips	: 4589.48
clflush size	: 64
cache_alignment	: 64
address sizes	: 36 bits physical, 48 bits virtual
power management:

processor	: 7
vendor_id	: GenuineIntel
cpu family	: 6
model		: 58
model name	: Intel(R) Core(TM) i7-3610QM CPU @ 2.30GHz
stepping	: 9
microcode	: 0x15
cpu MHz		: 3105.628
cache size	: 6144 KB
physical id	: 0
siblings	: 8
core id		: 3
cpu cores	: 4
apicid		: 7
initial apicid	: 7
fpu		: yes
fpu_exception	: yes
cpuid level	: 13
wp		: yes
flags		: fpu vme de pse tsc msr pae mce cx8 apic sep mtrr pge mca cmov pat pse36 clflush dts acpi mmx fxsr sse sse2 ss ht tm pbe syscall nx rdtscp lm constant_tsc arch_perfmon pebs bts rep_good nopl xtopology nonstop_tsc aperfmperf eagerfpu pni pclmulqdq dtes64 monitor ds_cpl vmx est tm2 ssse3 cx16 xtpr pdcm pcid sse4_1 sse4_2 x2apic popcnt tsc_deadline_timer xsave avx f16c rdrand lahf_lm ida arat epb pln pts dtherm tpr_shadow vnmi flexpriority ept vpid fsgsbase smep erms xsaveopt
bugs		:
bogomips	: 4589.48
clflush size	: 64
cache_alignment	: 64
address sizes	: 36 bits physical, 48 bits virtual
power management:



Memory: 4k page, physical 8058468k(102908k free), swap 0k(0k free)

vm_info: Java HotSpot(TM) 64-Bit Server VM (25.101-b13) for linux-amd64 JRE (1.8.0_101-b13), built on Jun 22 2016 02:59:44 by "java_re" with gcc 4.3.0 20080428 (Red Hat 4.3.0-8)

time: Thu Aug  4 20:19:25 2016
elapsed time: 0 seconds (0d 0h 0m 0s)

